2023-09-25 15:45:02监控地址：https://apilist.tronscan.org/api/token_trc20/transfers?limit=300&start=0&direction=in&relatedAddress=TRJbAzQemoW4p9yJN7XbSJYiyMEZ888888&start_timestamp=1695626101000&end_timestamp=1695627901000完整监控信息：{"total":0,"rangeTotal":0,"token_transfers":[]}
重要数据[]
2023-09-25 15:53:32监控地址：https://apilist.tronscan.org/api/token_trc20/transfers?limit=300&start=0&direction=in&relatedAddress=TJJ4y5Rgz2xHTb9yQNzmPMjYVo1uitfrBV&start_timestamp=1695626611000&end_timestamp=1695628411000完整监控信息：{"total":0,"rangeTotal":0,"token_transfers":[]}
重要数据[]
2023-09-25 15:54:02监控地址：https://apilist.tronscan.org/api/token_trc20/transfers?limit=300&start=0&direction=in&relatedAddress=TJJ4y5Rgz2xHTb9yQNzmPMjYVo1uitfrBV&start_timestamp=1695626641000&end_timestamp=1695628441000完整监控信息：{"total":0,"rangeTotal":0,"token_transfers":[]}
重要数据[]
2023-09-25 15:54:33监控地址：https://apilist.tronscan.org/api/token_trc20/transfers?limit=300&start=0&direction=in&relatedAddress=TJJ4y5Rgz2xHTb9yQNzmPMjYVo1uitfrBV&start_timestamp=1695626672000&end_timestamp=1695628472000完整监控信息：{"total":0,"rangeTotal":0,"token_transfers":[]}
重要数据[]
2023-09-25 15:55:02监控地址：https://apilist.tronscan.org/api/token_trc20/transfers?limit=300&start=0&direction=in&relatedAddress=TJJ4y5Rgz2xHTb9yQNzmPMjYVo1uitfrBV&start_timestamp=1695626701000&end_timestamp=1695628501000完整监控信息：{"total":0,"rangeTotal":0,"token_transfers":[]}
重要数据[]
2023-09-25 15:55:33监控地址：https://apilist.tronscan.org/api/token_trc20/transfers?limit=300&start=0&direction=in&relatedAddress=TJJ4y5Rgz2xHTb9yQNzmPMjYVo1uitfrBV&start_timestamp=1695626732000&end_timestamp=1695628532000完整监控信息：{"total":0,"rangeTotal":0,"token_transfers":[]}
重要数据[]
2023-09-25 15:56:03监控地址：https://apilist.tronscan.org/api/token_trc20/transfers?limit=300&start=0&direction=in&relatedAddress=TJJ4y5Rgz2xHTb9yQNzmPMjYVo1uitfrBV&start_timestamp=1695626762000&end_timestamp=1695628562000完整监控信息：{"total":0,"rangeTotal":0,"token_transfers":[]}
重要数据[]
2023-09-25 15:56:34监控地址：https://apilist.tronscan.org/api/token_trc20/transfers?limit=300&start=0&direction=in&relatedAddress=TJJ4y5Rgz2xHTb9yQNzmPMjYVo1uitfrBV&start_timestamp=1695626793000&end_timestamp=1695628593000完整监控信息：{"total":0,"rangeTotal":0,"token_transfers":[]}
重要数据[]
2023-09-25 15:57:03监控地址：https://apilist.tronscan.org/api/token_trc20/transfers?limit=300&start=0&direction=in&relatedAddress=TJJ4y5Rgz2xHTb9yQNzmPMjYVo1uitfrBV&start_timestamp=1695626822000&end_timestamp=1695628622000完整监控信息：{"total":0,"rangeTotal":0,"token_transfers":[]}
重要数据[]
2023-09-25 15:57:34监控地址：https://apilist.tronscan.org/api/token_trc20/transfers?limit=300&start=0&direction=in&relatedAddress=TJJ4y5Rgz2xHTb9yQNzmPMjYVo1uitfrBV&start_timestamp=1695626853000&end_timestamp=1695628653000完整监控信息：{"total":0,"rangeTotal":0,"token_transfers":[]}
重要数据[]
2023-09-25 15:58:02监控地址：https://apilist.tronscan.org/api/token_trc20/transfers?limit=300&start=0&direction=in&relatedAddress=TJJ4y5Rgz2xHTb9yQNzmPMjYVo1uitfrBV&start_timestamp=1695626881000&end_timestamp=1695628681000完整监控信息：{"total":0,"rangeTotal":0,"token_transfers":[]}
重要数据[]
2023-09-25 15:58:33监控地址：https://apilist.tronscan.org/api/token_trc20/transfers?limit=300&start=0&direction=in&relatedAddress=TJJ4y5Rgz2xHTb9yQNzmPMjYVo1uitfrBV&start_timestamp=1695626912000&end_timestamp=1695628712000完整监控信息：{"total":0,"rangeTotal":0,"token_transfers":[]}
重要数据[]
2023-09-25 15:59:02监控地址：https://apilist.tronscan.org/api/token_trc20/transfers?limit=300&start=0&direction=in&relatedAddress=TJJ4y5Rgz2xHTb9yQNzmPMjYVo1uitfrBV&start_timestamp=1695626941000&end_timestamp=1695628741000完整监控信息：{"total":0,"rangeTotal":0,"token_transfers":[]}
重要数据[]
2023-09-25 15:59:33监控地址：https://apilist.tronscan.org/api/token_trc20/transfers?limit=300&start=0&direction=in&relatedAddress=TJJ4y5Rgz2xHTb9yQNzmPMjYVo1uitfrBV&start_timestamp=1695626972000&end_timestamp=1695628772000完整监控信息：{"total":0,"rangeTotal":0,"token_transfers":[]}
重要数据[]
2023-09-25 16:00:02监控地址：https://apilist.tronscan.org/api/token_trc20/transfers?limit=300&start=0&direction=in&relatedAddress=TJJ4y5Rgz2xHTb9yQNzmPMjYVo1uitfrBV&start_timestamp=1695627001000&end_timestamp=1695628801000完整监控信息：{"total":0,"rangeTotal":0,"token_transfers":[]}
重要数据[]
2023-09-25 16:00:33监控地址：https://apilist.tronscan.org/api/token_trc20/transfers?limit=300&start=0&direction=in&relatedAddress=TJJ4y5Rgz2xHTb9yQNzmPMjYVo1uitfrBV&start_timestamp=1695627032000&end_timestamp=1695628832000完整监控信息：{"total":0,"rangeTotal":0,"token_transfers":[]}
重要数据[]
2023-09-25 16:01:02监控地址：https://apilist.tronscan.org/api/token_trc20/transfers?limit=300&start=0&direction=in&relatedAddress=TJJ4y5Rgz2xHTb9yQNzmPMjYVo1uitfrBV&start_timestamp=1695627061000&end_timestamp=1695628861000完整监控信息：{"total":0,"rangeTotal":0,"token_transfers":[]}
重要数据[]
2023-09-25 16:01:33监控地址：https://apilist.tronscan.org/api/token_trc20/transfers?limit=300&start=0&direction=in&relatedAddress=TJJ4y5Rgz2xHTb9yQNzmPMjYVo1uitfrBV&start_timestamp=1695627092000&end_timestamp=1695628892000完整监控信息：{"total":0,"rangeTotal":0,"token_transfers":[]}
重要数据[]
2023-09-25 16:02:03监控地址：https://apilist.tronscan.org/api/token_trc20/transfers?limit=300&start=0&direction=in&relatedAddress=TJJ4y5Rgz2xHTb9yQNzmPMjYVo1uitfrBV&start_timestamp=1695627122000&end_timestamp=1695628922000完整监控信息：{"total":0,"rangeTotal":0,"token_transfers":[]}
重要数据[]
2023-09-25 16:02:34监控地址：https://apilist.tronscan.org/api/token_trc20/transfers?limit=300&start=0&direction=in&relatedAddress=TJJ4y5Rgz2xHTb9yQNzmPMjYVo1uitfrBV&start_timestamp=1695627153000&end_timestamp=1695628953000完整监控信息：{"total":0,"rangeTotal":0,"token_transfers":[]}
重要数据[]
2023-09-25 16:03:03监控地址：https://apilist.tronscan.org/api/token_trc20/transfers?limit=300&start=0&direction=in&relatedAddress=TYCpbwd3yQs2qUcafJdX1NJqKdDkJoHnFv&start_timestamp=1695627182000&end_timestamp=1695628982000完整监控信息：{"total":0,"rangeTotal":0,"token_transfers":[]}
重要数据[]
2023-09-25 16:03:34监控地址：https://apilist.tronscan.org/api/token_trc20/transfers?limit=300&start=0&direction=in&relatedAddress=TJJ4y5Rgz2xHTb9yQNzmPMjYVo1uitfrBV&start_timestamp=1695627213000&end_timestamp=1695629013000完整监控信息：{"total":0,"rangeTotal":0,"token_transfers":[]}
重要数据[]
2023-09-25 16:04:02监控地址：https://apilist.tronscan.org/api/token_trc20/transfers?limit=300&start=0&direction=in&relatedAddress=TJJ4y5Rgz2xHTb9yQNzmPMjYVo1uitfrBV&start_timestamp=1695627241000&end_timestamp=1695629041000完整监控信息：{"total":0,"rangeTotal":0,"token_transfers":[]}
重要数据[]
2023-09-25 16:04:33监控地址：https://apilist.tronscan.org/api/token_trc20/transfers?limit=300&start=0&direction=in&relatedAddress=TJJ4y5Rgz2xHTb9yQNzmPMjYVo1uitfrBV&start_timestamp=1695627272000&end_timestamp=1695629072000完整监控信息：{"total":0,"rangeTotal":0,"token_transfers":[]}
重要数据[]
2023-09-25 16:05:02监控地址：https://apilist.tronscan.org/api/token_trc20/transfers?limit=300&start=0&direction=in&relatedAddress=TJJ4y5Rgz2xHTb9yQNzmPMjYVo1uitfrBV&start_timestamp=1695627301000&end_timestamp=1695629101000完整监控信息：{"total":0,"rangeTotal":0,"token_transfers":[]}
重要数据[]
2023-09-25 16:05:33监控地址：https://apilist.tronscan.org/api/token_trc20/transfers?limit=300&start=0&direction=in&relatedAddress=TJJ4y5Rgz2xHTb9yQNzmPMjYVo1uitfrBV&start_timestamp=1695627332000&end_timestamp=1695629132000完整监控信息：{"total":0,"rangeTotal":0,"token_transfers":[]}
重要数据[]
2023-09-25 16:06:02监控地址：https://apilist.tronscan.org/api/token_trc20/transfers?limit=300&start=0&direction=in&relatedAddress=TJJ4y5Rgz2xHTb9yQNzmPMjYVo1uitfrBV&start_timestamp=1695627361000&end_timestamp=1695629161000完整监控信息：{"total":0,"rangeTotal":0,"token_transfers":[]}
重要数据[]
2023-09-25 16:06:33监控地址：https://apilist.tronscan.org/api/token_trc20/transfers?limit=300&start=0&direction=in&relatedAddress=TJJ4y5Rgz2xHTb9yQNzmPMjYVo1uitfrBV&start_timestamp=1695627392000&end_timestamp=1695629192000完整监控信息：{"total":0,"rangeTotal":0,"token_transfers":[]}
重要数据[]
2023-09-25 16:07:02监控地址：https://apilist.tronscan.org/api/token_trc20/transfers?limit=300&start=0&direction=in&relatedAddress=TJJ4y5Rgz2xHTb9yQNzmPMjYVo1uitfrBV&start_timestamp=1695627421000&end_timestamp=1695629221000完整监控信息：{"total":0,"rangeTotal":0,"token_transfers":[]}
重要数据[]
2023-09-25 16:07:33监控地址：https://apilist.tronscan.org/api/token_trc20/transfers?limit=300&start=0&direction=in&relatedAddress=TJJ4y5Rgz2xHTb9yQNzmPMjYVo1uitfrBV&start_timestamp=1695627452000&end_timestamp=1695629252000完整监控信息：{"total":0,"rangeTotal":0,"token_transfers":[]}
重要数据[]
2023-09-25 16:08:03监控地址：https://apilist.tronscan.org/api/token_trc20/transfers?limit=300&start=0&direction=in&relatedAddress=TJJ4y5Rgz2xHTb9yQNzmPMjYVo1uitfrBV&start_timestamp=1695627482000&end_timestamp=1695629282000完整监控信息：{"total":0,"rangeTotal":0,"token_transfers":[]}
重要数据[]
2023-09-25 16:08:34监控地址：https://apilist.tronscan.org/api/token_trc20/transfers?limit=300&start=0&direction=in&relatedAddress=TJJ4y5Rgz2xHTb9yQNzmPMjYVo1uitfrBV&start_timestamp=1695627513000&end_timestamp=1695629313000完整监控信息：{"total":0,"rangeTotal":0,"token_transfers":[]}
重要数据[]
2023-09-25 16:09:03监控地址：https://apilist.tronscan.org/api/token_trc20/transfers?limit=300&start=0&direction=in&relatedAddress=TJJ4y5Rgz2xHTb9yQNzmPMjYVo1uitfrBV&start_timestamp=1695627542000&end_timestamp=1695629342000完整监控信息：{"total":0,"rangeTotal":0,"token_transfers":[]}
重要数据[]
2023-09-25 16:09:34监控地址：https://apilist.tronscan.org/api/token_trc20/transfers?limit=300&start=0&direction=in&relatedAddress=TJJ4y5Rgz2xHTb9yQNzmPMjYVo1uitfrBV&start_timestamp=1695627573000&end_timestamp=1695629373000完整监控信息：{"total":0,"rangeTotal":0,"token_transfers":[]}
重要数据[]
2023-09-25 16:10:02监控地址：https://apilist.tronscan.org/api/token_trc20/transfers?limit=300&start=0&direction=in&relatedAddress=TJJ4y5Rgz2xHTb9yQNzmPMjYVo1uitfrBV&start_timestamp=1695627601000&end_timestamp=1695629401000完整监控信息：{"total":0,"rangeTotal":0,"token_transfers":[]}
重要数据[]
2023-09-25 16:10:33监控地址：https://apilist.tronscan.org/api/token_trc20/transfers?limit=300&start=0&direction=in&relatedAddress=TJJ4y5Rgz2xHTb9yQNzmPMjYVo1uitfrBV&start_timestamp=1695627632000&end_timestamp=1695629432000完整监控信息：{"total":0,"rangeTotal":0,"token_transfers":[]}
重要数据[]
2023-09-25 16:11:02监控地址：https://apilist.tronscan.org/api/token_trc20/transfers?limit=300&start=0&direction=in&relatedAddress=TJJ4y5Rgz2xHTb9yQNzmPMjYVo1uitfrBV&start_timestamp=1695627661000&end_timestamp=1695629461000完整监控信息：{"total":0,"rangeTotal":0,"token_transfers":[]}
重要数据[]
2023-09-25 16:11:33监控地址：https://apilist.tronscan.org/api/token_trc20/transfers?limit=300&start=0&direction=in&relatedAddress=TJJ4y5Rgz2xHTb9yQNzmPMjYVo1uitfrBV&start_timestamp=1695627692000&end_timestamp=1695629492000完整监控信息：{"total":0,"rangeTotal":0,"token_transfers":[]}
重要数据[]
2023-09-25 16:12:02监控地址：https://apilist.tronscan.org/api/token_trc20/transfers?limit=300&start=0&direction=in&relatedAddress=TJJ4y5Rgz2xHTb9yQNzmPMjYVo1uitfrBV&start_timestamp=1695627721000&end_timestamp=1695629521000完整监控信息：{"total":0,"rangeTotal":0,"token_transfers":[]}
重要数据[]
2023-09-25 16:12:33监控地址：https://apilist.tronscan.org/api/token_trc20/transfers?limit=300&start=0&direction=in&relatedAddress=TJJ4y5Rgz2xHTb9yQNzmPMjYVo1uitfrBV&start_timestamp=1695627752000&end_timestamp=1695629552000完整监控信息：{"total":0,"rangeTotal":0,"token_transfers":[]}
重要数据[]
2023-09-25 16:13:02监控地址：https://apilist.tronscan.org/api/token_trc20/transfers?limit=300&start=0&direction=in&relatedAddress=TJJ4y5Rgz2xHTb9yQNzmPMjYVo1uitfrBV&start_timestamp=1695627781000&end_timestamp=1695629581000完整监控信息：{"total":0,"rangeTotal":0,"token_transfers":[]}
重要数据[]
2023-09-25 16:13:33监控地址：https://apilist.tronscan.org/api/token_trc20/transfers?limit=300&start=0&direction=in&relatedAddress=TJJ4y5Rgz2xHTb9yQNzmPMjYVo1uitfrBV&start_timestamp=1695627812000&end_timestamp=1695629612000完整监控信息：{"total":0,"rangeTotal":0,"token_transfers":[]}
重要数据[]
2023-09-25 16:14:02监控地址：https://apilist.tronscan.org/api/token_trc20/transfers?limit=300&start=0&direction=in&relatedAddress=TJJ4y5Rgz2xHTb9yQNzmPMjYVo1uitfrBV&start_timestamp=1695627841000&end_timestamp=1695629641000完整监控信息：{"total":0,"rangeTotal":0,"token_transfers":[]}
重要数据[]
2023-09-25 16:14:33监控地址：https://apilist.tronscan.org/api/token_trc20/transfers?limit=300&start=0&direction=in&relatedAddress=TJJ4y5Rgz2xHTb9yQNzmPMjYVo1uitfrBV&start_timestamp=1695627872000&end_timestamp=1695629672000完整监控信息：{"total":0,"rangeTotal":0,"token_transfers":[]}
重要数据[]
2023-09-25 16:15:02监控地址：https://apilist.tronscan.org/api/token_trc20/transfers?limit=300&start=0&direction=in&relatedAddress=TJJ4y5Rgz2xHTb9yQNzmPMjYVo1uitfrBV&start_timestamp=1695627901000&end_timestamp=1695629701000完整监控信息：{"total":0,"rangeTotal":0,"token_transfers":[]}
重要数据[]
2023-09-25 16:15:33监控地址：https://apilist.tronscan.org/api/token_trc20/transfers?limit=300&start=0&direction=in&relatedAddress=TJJ4y5Rgz2xHTb9yQNzmPMjYVo1uitfrBV&start_timestamp=1695627932000&end_timestamp=1695629732000完整监控信息：{"total":0,"rangeTotal":0,"token_transfers":[]}
重要数据[]
2023-09-25 16:16:02监控地址：https://apilist.tronscan.org/api/token_trc20/transfers?limit=300&start=0&direction=in&relatedAddress=TJJ4y5Rgz2xHTb9yQNzmPMjYVo1uitfrBV&start_timestamp=1695627962000&end_timestamp=1695629762000完整监控信息：{"total":0,"rangeTotal":0,"token_transfers":[]}
重要数据[]
2023-09-25 16:16:33监控地址：https://apilist.tronscan.org/api/token_trc20/transfers?limit=300&start=0&direction=in&relatedAddress=TJJ4y5Rgz2xHTb9yQNzmPMjYVo1uitfrBV&start_timestamp=1695627993000&end_timestamp=1695629793000完整监控信息：{"total":0,"rangeTotal":0,"token_transfers":[]}
重要数据[]
2023-09-25 16:17:02监控地址：https://apilist.tronscan.org/api/token_trc20/transfers?limit=300&start=0&direction=in&relatedAddress=TJJ4y5Rgz2xHTb9yQNzmPMjYVo1uitfrBV&start_timestamp=1695628022000&end_timestamp=1695629822000完整监控信息：{"total":0,"rangeTotal":0,"token_transfers":[]}
重要数据[]
2023-09-25 16:17:33监控地址：https://apilist.tronscan.org/api/token_trc20/transfers?limit=300&start=0&direction=in&relatedAddress=TJJ4y5Rgz2xHTb9yQNzmPMjYVo1uitfrBV&start_timestamp=1695628053000&end_timestamp=1695629853000完整监控信息：{"total":0,"rangeTotal":0,"token_transfers":[]}
重要数据[]
2023-09-25 16:18:03监控地址：https://apilist.tronscan.org/api/token_trc20/transfers?limit=300&start=0&direction=in&relatedAddress=TJJ4y5Rgz2xHTb9yQNzmPMjYVo1uitfrBV&start_timestamp=1695628082000&end_timestamp=1695629882000完整监控信息：{"total":0,"rangeTotal":0,"token_transfers":[]}
重要数据[]
2023-09-25 16:18:34监控地址：https://apilist.tronscan.org/api/token_trc20/transfers?limit=300&start=0&direction=in&relatedAddress=TJJ4y5Rgz2xHTb9yQNzmPMjYVo1uitfrBV&start_timestamp=1695628113000&end_timestamp=1695629913000完整监控信息：{"total":0,"rangeTotal":0,"token_transfers":[]}
重要数据[]
2023-09-25 16:19:03监控地址：https://apilist.tronscan.org/api/token_trc20/transfers?limit=300&start=0&direction=in&relatedAddress=TJJ4y5Rgz2xHTb9yQNzmPMjYVo1uitfrBV&start_timestamp=1695628142000&end_timestamp=1695629942000完整监控信息：{"total":0,"rangeTotal":0,"token_transfers":[]}
重要数据[]
2023-09-25 16:19:34监控地址：https://apilist.tronscan.org/api/token_trc20/transfers?limit=300&start=0&direction=in&relatedAddress=TJJ4y5Rgz2xHTb9yQNzmPMjYVo1uitfrBV&start_timestamp=1695628173000&end_timestamp=1695629973000完整监控信息：{"total":0,"rangeTotal":0,"token_transfers":[]}
重要数据[]
2023-09-25 16:20:02监控地址：https://apilist.tronscan.org/api/token_trc20/transfers?limit=300&start=0&direction=in&relatedAddress=TJJ4y5Rgz2xHTb9yQNzmPMjYVo1uitfrBV&start_timestamp=1695628201000&end_timestamp=1695630001000完整监控信息：{"total":0,"rangeTotal":0,"token_transfers":[]}
重要数据[]
2023-09-25 16:20:33监控地址：https://apilist.tronscan.org/api/token_trc20/transfers?limit=300&start=0&direction=in&relatedAddress=TJJ4y5Rgz2xHTb9yQNzmPMjYVo1uitfrBV&start_timestamp=1695628232000&end_timestamp=1695630032000完整监控信息：{"total":0,"rangeTotal":0,"token_transfers":[]}
重要数据[]
2023-09-25 16:21:02监控地址：https://apilist.tronscan.org/api/token_trc20/transfers?limit=300&start=0&direction=in&relatedAddress=TJJ4y5Rgz2xHTb9yQNzmPMjYVo1uitfrBV&start_timestamp=1695628261000&end_timestamp=1695630061000完整监控信息：{"total":0,"rangeTotal":0,"token_transfers":[]}
重要数据[]
2023-09-25 16:21:33监控地址：https://apilist.tronscan.org/api/token_trc20/transfers?limit=300&start=0&direction=in&relatedAddress=TJJ4y5Rgz2xHTb9yQNzmPMjYVo1uitfrBV&start_timestamp=1695628292000&end_timestamp=1695630092000完整监控信息：{"total":0,"rangeTotal":0,"token_transfers":[]}
重要数据[]
2023-09-25 16:22:02监控地址：https://apilist.tronscan.org/api/token_trc20/transfers?limit=300&start=0&direction=in&relatedAddress=TJJ4y5Rgz2xHTb9yQNzmPMjYVo1uitfrBV&start_timestamp=1695628321000&end_timestamp=1695630121000完整监控信息：{"total":0,"rangeTotal":0,"token_transfers":[]}
重要数据[]
2023-09-25 16:22:33监控地址：https://apilist.tronscan.org/api/token_trc20/transfers?limit=300&start=0&direction=in&relatedAddress=TJJ4y5Rgz2xHTb9yQNzmPMjYVo1uitfrBV&start_timestamp=1695628352000&end_timestamp=1695630152000完整监控信息：{"total":0,"rangeTotal":0,"token_transfers":[]}
重要数据[]
2023-09-25 16:23:02监控地址：https://apilist.tronscan.org/api/token_trc20/transfers?limit=300&start=0&direction=in&relatedAddress=TJJ4y5Rgz2xHTb9yQNzmPMjYVo1uitfrBV&start_timestamp=1695628381000&end_timestamp=1695630181000完整监控信息：{"total":0,"rangeTotal":0,"token_transfers":[]}
重要数据[]
2023-09-25 16:26:32监控地址：https://apilist.tronscan.org/api/token_trc20/transfers?limit=300&start=0&direction=in&relatedAddress=TJJ4y5Rgz2xHTb9yQNzmPMjYVo1uitfrBV&start_timestamp=1695628591000&end_timestamp=1695630391000完整监控信息：{"total":0,"rangeTotal":0,"token_transfers":[]}
重要数据[]
2023-09-25 22:01:03监控地址：https://apilist.tronscan.org/api/token_trc20/transfers?limit=300&start=0&direction=in&relatedAddress=TRJbAzQemoW4p9yJN7XbSJYiyMEZ888888&start_timestamp=1695648662000&end_timestamp=1695650462000完整监控信息：{"total":0,"rangeTotal":0,"token_transfers":[]}
重要数据[]
2023-09-25 22:01:34监控地址：https://apilist.tronscan.org/api/token_trc20/transfers?limit=300&start=0&direction=in&relatedAddress=TRJbAzQemoW4p9yJN7XbSJYiyMEZ888888&start_timestamp=1695648693000&end_timestamp=1695650493000完整监控信息：{"total":0,"rangeTotal":0,"token_transfers":[]}
重要数据[]
2023-09-25 22:02:02监控地址：https://apilist.tronscan.org/api/token_trc20/transfers?limit=300&start=0&direction=in&relatedAddress=TRJbAzQemoW4p9yJN7XbSJYiyMEZ888888&start_timestamp=1695648721000&end_timestamp=1695650521000完整监控信息：{"total":0,"rangeTotal":0,"token_transfers":[]}
重要数据[]
2023-09-25 22:02:33监控地址：https://apilist.tronscan.org/api/token_trc20/transfers?limit=300&start=0&direction=in&relatedAddress=TRJbAzQemoW4p9yJN7XbSJYiyMEZ888888&start_timestamp=1695648752000&end_timestamp=1695650552000完整监控信息：{"total":0,"rangeTotal":0,"token_transfers":[]}
重要数据[]
2023-09-25 22:03:02监控地址：https://apilist.tronscan.org/api/token_trc20/transfers?limit=300&start=0&direction=in&relatedAddress=TRJbAzQemoW4p9yJN7XbSJYiyMEZ888888&start_timestamp=1695648781000&end_timestamp=1695650581000完整监控信息：{"total":0,"rangeTotal":0,"token_transfers":[]}
重要数据[]
2023-09-25 22:03:33监控地址：https://apilist.tronscan.org/api/token_trc20/transfers?limit=300&start=0&direction=in&relatedAddress=TRJbAzQemoW4p9yJN7XbSJYiyMEZ888888&start_timestamp=1695648812000&end_timestamp=1695650612000完整监控信息：{"total":0,"rangeTotal":0,"token_transfers":[]}
重要数据[]
2023-09-25 22:04:02监控地址：https://apilist.tronscan.org/api/token_trc20/transfers?limit=300&start=0&direction=in&relatedAddress=TRJbAzQemoW4p9yJN7XbSJYiyMEZ888888&start_timestamp=1695648841000&end_timestamp=1695650641000完整监控信息：{"total":0,"rangeTotal":0,"token_transfers":[]}
重要数据[]
2023-09-25 22:04:33监控地址：https://apilist.tronscan.org/api/token_trc20/transfers?limit=300&start=0&direction=in&relatedAddress=TRJbAzQemoW4p9yJN7XbSJYiyMEZ888888&start_timestamp=1695648872000&end_timestamp=1695650672000完整监控信息：{"total":0,"rangeTotal":0,"token_transfers":[]}
重要数据[]
2023-09-25 22:05:02监控地址：https://apilist.tronscan.org/api/token_trc20/transfers?limit=300&start=0&direction=in&relatedAddress=TRJbAzQemoW4p9yJN7XbSJYiyMEZ888888&start_timestamp=1695648901000&end_timestamp=1695650701000完整监控信息：{"total":0,"rangeTotal":0,"token_transfers":[]}
重要数据[]
2023-09-25 22:05:33监控地址：https://apilist.tronscan.org/api/token_trc20/transfers?limit=300&start=0&direction=in&relatedAddress=TRJbAzQemoW4p9yJN7XbSJYiyMEZ888888&start_timestamp=1695648933000&end_timestamp=1695650733000完整监控信息：{"total":0,"rangeTotal":0,"token_transfers":[]}
重要数据[]
2023-09-25 22:06:02监控地址：https://apilist.tronscan.org/api/token_trc20/transfers?limit=300&start=0&direction=in&relatedAddress=TRJbAzQemoW4p9yJN7XbSJYiyMEZ888888&start_timestamp=1695648961000&end_timestamp=1695650761000完整监控信息：{"total":0,"rangeTotal":0,"token_transfers":[]}
重要数据[]
2023-09-25 22:06:33监控地址：https://apilist.tronscan.org/api/token_trc20/transfers?limit=300&start=0&direction=in&relatedAddress=TRJbAzQemoW4p9yJN7XbSJYiyMEZ888888&start_timestamp=1695648992000&end_timestamp=1695650792000完整监控信息：{"total":0,"rangeTotal":0,"token_transfers":[]}
重要数据[]
2023-09-25 22:07:03监控地址：https://apilist.tronscan.org/api/token_trc20/transfers?limit=300&start=0&direction=in&relatedAddress=TRJbAzQemoW4p9yJN7XbSJYiyMEZ888888&start_timestamp=1695649022000&end_timestamp=1695650822000完整监控信息：{"total":0,"rangeTotal":0,"token_transfers":[]}
重要数据[]
2023-09-25 22:07:34监控地址：https://apilist.tronscan.org/api/token_trc20/transfers?limit=300&start=0&direction=in&relatedAddress=TRJbAzQemoW4p9yJN7XbSJYiyMEZ888888&start_timestamp=1695649053000&end_timestamp=1695650853000完整监控信息：{"total":0,"rangeTotal":0,"token_transfers":[]}
重要数据[]
2023-09-25 22:08:02监控地址：https://apilist.tronscan.org/api/token_trc20/transfers?limit=300&start=0&direction=in&relatedAddress=TRJbAzQemoW4p9yJN7XbSJYiyMEZ888888&start_timestamp=1695649082000&end_timestamp=1695650882000完整监控信息：{"total":0,"rangeTotal":0,"token_transfers":[]}
重要数据[]
2023-09-25 22:08:34监控地址：https://apilist.tronscan.org/api/token_trc20/transfers?limit=300&start=0&direction=in&relatedAddress=TRJbAzQemoW4p9yJN7XbSJYiyMEZ888888&start_timestamp=1695649113000&end_timestamp=1695650913000完整监控信息：{"total":0,"rangeTotal":0,"token_transfers":[]}
重要数据[]
2023-09-25 22:09:02监控地址：https://apilist.tronscan.org/api/token_trc20/transfers?limit=300&start=0&direction=in&relatedAddress=TRJbAzQemoW4p9yJN7XbSJYiyMEZ888888&start_timestamp=1695649141000&end_timestamp=1695650941000完整监控信息：{"total":0,"rangeTotal":0,"token_transfers":[]}
重要数据[]
2023-09-25 22:09:33监控地址：https://apilist.tronscan.org/api/token_trc20/transfers?limit=300&start=0&direction=in&relatedAddress=TRJbAzQemoW4p9yJN7XbSJYiyMEZ888888&start_timestamp=1695649172000&end_timestamp=1695650972000完整监控信息：{"total":0,"rangeTotal":0,"token_transfers":[]}
重要数据[]
2023-09-25 22:10:02监控地址：https://apilist.tronscan.org/api/token_trc20/transfers?limit=300&start=0&direction=in&relatedAddress=TRJbAzQemoW4p9yJN7XbSJYiyMEZ888888&start_timestamp=1695649201000&end_timestamp=1695651001000完整监控信息：{"total":0,"rangeTotal":0,"token_transfers":[]}
重要数据[]
2023-09-25 22:10:33监控地址：https://apilist.tronscan.org/api/token_trc20/transfers?limit=300&start=0&direction=in&relatedAddress=TRJbAzQemoW4p9yJN7XbSJYiyMEZ888888&start_timestamp=1695649232000&end_timestamp=1695651032000完整监控信息：{"total":0,"rangeTotal":0,"token_transfers":[]}
重要数据[]
2023-09-25 22:11:02监控地址：https://apilist.tronscan.org/api/token_trc20/transfers?limit=300&start=0&direction=in&relatedAddress=TRJbAzQemoW4p9yJN7XbSJYiyMEZ888888&start_timestamp=1695649261000&end_timestamp=1695651061000完整监控信息：{"total":0,"rangeTotal":0,"token_transfers":[]}
重要数据[]
2023-09-25 22:11:33监控地址：https://apilist.tronscan.org/api/token_trc20/transfers?limit=300&start=0&direction=in&relatedAddress=TRJbAzQemoW4p9yJN7XbSJYiyMEZ888888&start_timestamp=1695649292000&end_timestamp=1695651092000完整监控信息：{"total":0,"rangeTotal":0,"token_transfers":[]}
重要数据[]
2023-09-25 22:12:02监控地址：https://apilist.tronscan.org/api/token_trc20/transfers?limit=300&start=0&direction=in&relatedAddress=TRJbAzQemoW4p9yJN7XbSJYiyMEZ888888&start_timestamp=1695649321000&end_timestamp=1695651121000完整监控信息：{"total":0,"rangeTotal":0,"token_transfers":[]}
重要数据[]
2023-09-25 22:12:33监控地址：https://apilist.tronscan.org/api/token_trc20/transfers?limit=300&start=0&direction=in&relatedAddress=TRJbAzQemoW4p9yJN7XbSJYiyMEZ888888&start_timestamp=1695649352000&end_timestamp=1695651152000完整监控信息：{"total":0,"rangeTotal":0,"token_transfers":[]}
重要数据[]
2023-09-25 22:13:02监控地址：https://apilist.tronscan.org/api/token_trc20/transfers?limit=300&start=0&direction=in&relatedAddress=TRJbAzQemoW4p9yJN7XbSJYiyMEZ888888&start_timestamp=1695649382000&end_timestamp=1695651182000完整监控信息：{"total":0,"rangeTotal":0,"token_transfers":[]}
重要数据[]
2023-09-25 22:13:34监控地址：https://apilist.tronscan.org/api/token_trc20/transfers?limit=300&start=0&direction=in&relatedAddress=TRJbAzQemoW4p9yJN7XbSJYiyMEZ888888&start_timestamp=1695649413000&end_timestamp=1695651213000完整监控信息：{"total":0,"rangeTotal":0,"token_transfers":[]}
重要数据[]
2023-09-25 22:14:03监控地址：https://apilist.tronscan.org/api/token_trc20/transfers?limit=300&start=0&direction=in&relatedAddress=TRJbAzQemoW4p9yJN7XbSJYiyMEZ888888&start_timestamp=1695649442000&end_timestamp=1695651242000完整监控信息：{"total":0,"rangeTotal":0,"token_transfers":[]}
重要数据[]
2023-09-25 22:14:34监控地址：https://apilist.tronscan.org/api/token_trc20/transfers?limit=300&start=0&direction=in&relatedAddress=TRJbAzQemoW4p9yJN7XbSJYiyMEZ888888&start_timestamp=1695649473000&end_timestamp=1695651273000完整监控信息：{"total":0,"rangeTotal":0,"token_transfers":[]}
重要数据[]
2023-09-25 22:15:02监控地址：https://apilist.tronscan.org/api/token_trc20/transfers?limit=300&start=0&direction=in&relatedAddress=TRJbAzQemoW4p9yJN7XbSJYiyMEZ888888&start_timestamp=1695649501000&end_timestamp=1695651301000完整监控信息：{"total":0,"rangeTotal":0,"token_transfers":[]}
重要数据[]
2023-09-25 22:15:33监控地址：https://apilist.tronscan.org/api/token_trc20/transfers?limit=300&start=0&direction=in&relatedAddress=TRJbAzQemoW4p9yJN7XbSJYiyMEZ888888&start_timestamp=1695649532000&end_timestamp=1695651332000完整监控信息：{"total":0,"rangeTotal":0,"token_transfers":[]}
重要数据[]
2023-09-25 22:16:02监控地址：https://apilist.tronscan.org/api/token_trc20/transfers?limit=300&start=0&direction=in&relatedAddress=TRJbAzQemoW4p9yJN7XbSJYiyMEZ888888&start_timestamp=1695649561000&end_timestamp=1695651361000完整监控信息：{"total":0,"rangeTotal":0,"token_transfers":[]}
重要数据[]
2023-09-25 22:16:33监控地址：https://apilist.tronscan.org/api/token_trc20/transfers?limit=300&start=0&direction=in&relatedAddress=TRJbAzQemoW4p9yJN7XbSJYiyMEZ888888&start_timestamp=1695649592000&end_timestamp=1695651392000完整监控信息：{"total":0,"rangeTotal":0,"token_transfers":[]}
重要数据[]
2023-09-25 22:17:02监控地址：https://apilist.tronscan.org/api/token_trc20/transfers?limit=300&start=0&direction=in&relatedAddress=TRJbAzQemoW4p9yJN7XbSJYiyMEZ888888&start_timestamp=1695649621000&end_timestamp=1695651421000完整监控信息：{"total":0,"rangeTotal":0,"token_transfers":[]}
重要数据[]
2023-09-25 22:17:33监控地址：https://apilist.tronscan.org/api/token_trc20/transfers?limit=300&start=0&direction=in&relatedAddress=TRJbAzQemoW4p9yJN7XbSJYiyMEZ888888&start_timestamp=1695649652000&end_timestamp=1695651452000完整监控信息：{"total":0,"rangeTotal":0,"token_transfers":[]}
重要数据[]
2023-09-25 22:18:02监控地址：https://apilist.tronscan.org/api/token_trc20/transfers?limit=300&start=0&direction=in&relatedAddress=TRJbAzQemoW4p9yJN7XbSJYiyMEZ888888&start_timestamp=1695649681000&end_timestamp=1695651481000完整监控信息：{"total":0,"rangeTotal":0,"token_transfers":[]}
重要数据[]
2023-09-25 22:18:33监控地址：https://apilist.tronscan.org/api/token_trc20/transfers?limit=300&start=0&direction=in&relatedAddress=TRJbAzQemoW4p9yJN7XbSJYiyMEZ888888&start_timestamp=1695649712000&end_timestamp=1695651512000完整监控信息：{"total":0,"rangeTotal":0,"token_transfers":[]}
重要数据[]
2023-09-25 22:19:03监控地址：https://apilist.tronscan.org/api/token_trc20/transfers?limit=300&start=0&direction=in&relatedAddress=TRJbAzQemoW4p9yJN7XbSJYiyMEZ888888&start_timestamp=1695649742000&end_timestamp=1695651542000完整监控信息：{"total":0,"rangeTotal":0,"token_transfers":[]}
重要数据[]
2023-09-25 22:19:34监控地址：https://apilist.tronscan.org/api/token_trc20/transfers?limit=300&start=0&direction=in&relatedAddress=TRJbAzQemoW4p9yJN7XbSJYiyMEZ888888&start_timestamp=1695649773000&end_timestamp=1695651573000完整监控信息：{"total":0,"rangeTotal":0,"token_transfers":[]}
重要数据[]
2023-09-25 22:20:02监控地址：https://apilist.tronscan.org/api/token_trc20/transfers?limit=300&start=0&direction=in&relatedAddress=TRJbAzQemoW4p9yJN7XbSJYiyMEZ888888&start_timestamp=1695649801000&end_timestamp=1695651601000完整监控信息：{"total":0,"rangeTotal":0,"token_transfers":[]}
重要数据[]
2023-09-25 22:20:33监控地址：https://apilist.tronscan.org/api/token_trc20/transfers?limit=300&start=0&direction=in&relatedAddress=TRJbAzQemoW4p9yJN7XbSJYiyMEZ888888&start_timestamp=1695649833000&end_timestamp=1695651633000完整监控信息：{"total":0,"rangeTotal":0,"token_transfers":[]}
重要数据[]
2023-09-25 22:21:02监控地址：https://apilist.tronscan.org/api/token_trc20/transfers?limit=300&start=0&direction=in&relatedAddress=TRJbAzQemoW4p9yJN7XbSJYiyMEZ888888&start_timestamp=1695649861000&end_timestamp=1695651661000完整监控信息：{"total":0,"rangeTotal":0,"token_transfers":[]}
重要数据[]
2023-09-25 22:21:33监控地址：https://apilist.tronscan.org/api/token_trc20/transfers?limit=300&start=0&direction=in&relatedAddress=TYCpbwd3yQs2qUcafJdX1NJqKdDkJoHnFv&start_timestamp=1695649892000&end_timestamp=1695651692000完整监控信息：{"total":0,"rangeTotal":0,"token_transfers":[]}
重要数据[]
2023-09-25 22:22:02监控地址：https://apilist.tronscan.org/api/token_trc20/transfers?limit=300&start=0&direction=in&relatedAddress=TRJbAzQemoW4p9yJN7XbSJYiyMEZ888888&start_timestamp=1695649921000&end_timestamp=1695651721000完整监控信息：{"total":0,"rangeTotal":0,"token_transfers":[]}
重要数据[]
2023-09-25 22:22:33监控地址：https://apilist.tronscan.org/api/token_trc20/transfers?limit=300&start=0&direction=in&relatedAddress=TRJbAzQemoW4p9yJN7XbSJYiyMEZ888888&start_timestamp=1695649952000&end_timestamp=1695651752000完整监控信息：{"total":0,"rangeTotal":0,"token_transfers":[]}
重要数据[]
2023-09-25 22:23:02监控地址：https://apilist.tronscan.org/api/token_trc20/transfers?limit=300&start=0&direction=in&relatedAddress=TRJbAzQemoW4p9yJN7XbSJYiyMEZ888888&start_timestamp=1695649981000&end_timestamp=1695651781000完整监控信息：{"total":0,"rangeTotal":0,"token_transfers":[]}
重要数据[]
2023-09-25 22:23:33监控地址：https://apilist.tronscan.org/api/token_trc20/transfers?limit=300&start=0&direction=in&relatedAddress=TRJbAzQemoW4p9yJN7XbSJYiyMEZ888888&start_timestamp=1695650012000&end_timestamp=1695651812000完整监控信息：{"total":0,"rangeTotal":0,"token_transfers":[]}
重要数据[]
2023-09-25 22:24:03监控地址：https://apilist.tronscan.org/api/token_trc20/transfers?limit=300&start=0&direction=in&relatedAddress=TRJbAzQemoW4p9yJN7XbSJYiyMEZ888888&start_timestamp=1695650042000&end_timestamp=1695651842000完整监控信息：{"total":0,"rangeTotal":0,"token_transfers":[]}
重要数据[]
2023-09-25 22:24:34监控地址：https://apilist.tronscan.org/api/token_trc20/transfers?limit=300&start=0&direction=in&relatedAddress=TRJbAzQemoW4p9yJN7XbSJYiyMEZ888888&start_timestamp=1695650073000&end_timestamp=1695651873000完整监控信息：{"total":0,"rangeTotal":0,"token_transfers":[]}
重要数据[]
2023-09-25 22:25:03监控地址：https://apilist.tronscan.org/api/token_trc20/transfers?limit=300&start=0&direction=in&relatedAddress=TRJbAzQemoW4p9yJN7XbSJYiyMEZ888888&start_timestamp=1695650102000&end_timestamp=1695651902000完整监控信息：{"total":0,"rangeTotal":0,"token_transfers":[]}
重要数据[]
2023-09-25 22:25:34监控地址：https://apilist.tronscan.org/api/token_trc20/transfers?limit=300&start=0&direction=in&relatedAddress=TRJbAzQemoW4p9yJN7XbSJYiyMEZ888888&start_timestamp=1695650133000&end_timestamp=1695651933000完整监控信息：{"total":0,"rangeTotal":0,"token_transfers":[]}
重要数据[]
2023-09-25 22:26:02监控地址：https://apilist.tronscan.org/api/token_trc20/transfers?limit=300&start=0&direction=in&relatedAddress=TRJbAzQemoW4p9yJN7XbSJYiyMEZ888888&start_timestamp=1695650161000&end_timestamp=1695651961000完整监控信息：{"total":0,"rangeTotal":0,"token_transfers":[]}
重要数据[]
2023-09-25 22:26:33监控地址：https://apilist.tronscan.org/api/token_trc20/transfers?limit=300&start=0&direction=in&relatedAddress=TRJbAzQemoW4p9yJN7XbSJYiyMEZ888888&start_timestamp=1695650192000&end_timestamp=1695651992000完整监控信息：{"total":0,"rangeTotal":0,"token_transfers":[]}
重要数据[]
2023-09-25 22:27:02监控地址：https://apilist.tronscan.org/api/token_trc20/transfers?limit=300&start=0&direction=in&relatedAddress=TRJbAzQemoW4p9yJN7XbSJYiyMEZ888888&start_timestamp=1695650221000&end_timestamp=1695652021000完整监控信息：{"total":0,"rangeTotal":0,"token_transfers":[]}
重要数据[]
2023-09-25 22:27:33监控地址：https://apilist.tronscan.org/api/token_trc20/transfers?limit=300&start=0&direction=in&relatedAddress=TRJbAzQemoW4p9yJN7XbSJYiyMEZ888888&start_timestamp=1695650252000&end_timestamp=1695652052000完整监控信息：{"total":0,"rangeTotal":0,"token_transfers":[]}
重要数据[]
2023-09-25 22:28:02监控地址：https://apilist.tronscan.org/api/token_trc20/transfers?limit=300&start=0&direction=in&relatedAddress=TRJbAzQemoW4p9yJN7XbSJYiyMEZ888888&start_timestamp=1695650281000&end_timestamp=1695652081000完整监控信息：{"total":0,"rangeTotal":0,"token_transfers":[]}
重要数据[]
2023-09-25 22:28:33监控地址：https://apilist.tronscan.org/api/token_trc20/transfers?limit=300&start=0&direction=in&relatedAddress=TRJbAzQemoW4p9yJN7XbSJYiyMEZ888888&start_timestamp=1695650312000&end_timestamp=1695652112000完整监控信息：{"total":0,"rangeTotal":0,"token_transfers":[]}
重要数据[]
2023-09-25 22:29:02监控地址：https://apilist.tronscan.org/api/token_trc20/transfers?limit=300&start=0&direction=in&relatedAddress=TRJbAzQemoW4p9yJN7XbSJYiyMEZ888888&start_timestamp=1695650341000&end_timestamp=1695652141000完整监控信息：{"total":0,"rangeTotal":0,"token_transfers":[]}
重要数据[]
2023-09-25 22:29:33监控地址：https://apilist.tronscan.org/api/token_trc20/transfers?limit=300&start=0&direction=in&relatedAddress=TRJbAzQemoW4p9yJN7XbSJYiyMEZ888888&start_timestamp=1695650372000&end_timestamp=1695652172000完整监控信息：{"total":0,"rangeTotal":0,"token_transfers":[]}
重要数据[]
2023-09-25 22:30:02监控地址：https://apilist.tronscan.org/api/token_trc20/transfers?limit=300&start=0&direction=in&relatedAddress=TRJbAzQemoW4p9yJN7XbSJYiyMEZ888888&start_timestamp=1695650402000&end_timestamp=1695652202000完整监控信息：{"total":0,"rangeTotal":0,"token_transfers":[]}
重要数据[]
2023-09-25 22:30:33监控地址：https://apilist.tronscan.org/api/token_trc20/transfers?limit=300&start=0&direction=in&relatedAddress=TRJbAzQemoW4p9yJN7XbSJYiyMEZ888888&start_timestamp=1695650433000&end_timestamp=1695652233000完整监控信息：{"total":0,"rangeTotal":0,"token_transfers":[]}
重要数据[]
2023-09-25 22:31:02监控地址：https://apilist.tronscan.org/api/token_trc20/transfers?limit=300&start=0&direction=in&relatedAddress=TRJbAzQemoW4p9yJN7XbSJYiyMEZ888888&start_timestamp=1695650462000&end_timestamp=1695652262000完整监控信息：{"total":0,"rangeTotal":0,"token_transfers":[]}
重要数据[]
2023-09-25 22:31:33监控地址：https://apilist.tronscan.org/api/token_trc20/transfers?limit=300&start=0&direction=in&relatedAddress=TRJbAzQemoW4p9yJN7XbSJYiyMEZ888888&start_timestamp=1695650493000&end_timestamp=1695652293000完整监控信息：{"total":0,"rangeTotal":0,"token_transfers":[]}
重要数据[]
2023-09-25 22:32:03监控地址：https://apilist.tronscan.org/api/token_trc20/transfers?limit=300&start=0&direction=in&relatedAddress=TRJbAzQemoW4p9yJN7XbSJYiyMEZ888888&start_timestamp=1695650522000&end_timestamp=1695652322000完整监控信息：{"total":0,"rangeTotal":0,"token_transfers":[]}
重要数据[]
2023-09-25 22:32:34监控地址：https://apilist.tronscan.org/api/token_trc20/transfers?limit=300&start=0&direction=in&relatedAddress=TRJbAzQemoW4p9yJN7XbSJYiyMEZ888888&start_timestamp=1695650553000&end_timestamp=1695652353000完整监控信息：{"total":0,"rangeTotal":0,"token_transfers":[]}
重要数据[]
2023-09-25 22:33:03监控地址：https://apilist.tronscan.org/api/token_trc20/transfers?limit=300&start=0&direction=in&relatedAddress=TRJbAzQemoW4p9yJN7XbSJYiyMEZ888888&start_timestamp=1695650582000&end_timestamp=1695652382000完整监控信息：{"total":0,"rangeTotal":0,"token_transfers":[]}
重要数据[]
2023-09-25 22:33:34监控地址：https://apilist.tronscan.org/api/token_trc20/transfers?limit=300&start=0&direction=in&relatedAddress=TRJbAzQemoW4p9yJN7XbSJYiyMEZ888888&start_timestamp=1695650613000&end_timestamp=1695652413000完整监控信息：{"total":0,"rangeTotal":0,"token_transfers":[]}
重要数据[]
2023-09-25 22:34:02监控地址：https://apilist.tronscan.org/api/token_trc20/transfers?limit=300&start=0&direction=in&relatedAddress=TRJbAzQemoW4p9yJN7XbSJYiyMEZ888888&start_timestamp=1695650641000&end_timestamp=1695652441000完整监控信息：{"total":0,"rangeTotal":0,"token_transfers":[]}
重要数据[]
2023-09-25 22:34:33监控地址：https://apilist.tronscan.org/api/token_trc20/transfers?limit=300&start=0&direction=in&relatedAddress=TRJbAzQemoW4p9yJN7XbSJYiyMEZ888888&start_timestamp=1695650672000&end_timestamp=1695652472000完整监控信息：{"total":0,"rangeTotal":0,"token_transfers":[]}
重要数据[]
2023-09-25 22:35:02监控地址：https://apilist.tronscan.org/api/token_trc20/transfers?limit=300&start=0&direction=in&relatedAddress=TRJbAzQemoW4p9yJN7XbSJYiyMEZ888888&start_timestamp=1695650701000&end_timestamp=1695652501000完整监控信息：{"total":0,"rangeTotal":0,"token_transfers":[]}
重要数据[]
2023-09-25 22:35:33监控地址：https://apilist.tronscan.org/api/token_trc20/transfers?limit=300&start=0&direction=in&relatedAddress=TRJbAzQemoW4p9yJN7XbSJYiyMEZ888888&start_timestamp=1695650732000&end_timestamp=1695652532000完整监控信息：{"total":0,"rangeTotal":0,"token_transfers":[]}
重要数据[]
2023-09-25 22:36:02监控地址：https://apilist.tronscan.org/api/token_trc20/transfers?limit=300&start=0&direction=in&relatedAddress=TRJbAzQemoW4p9yJN7XbSJYiyMEZ888888&start_timestamp=1695650761000&end_timestamp=1695652561000完整监控信息：{"total":0,"rangeTotal":0,"token_transfers":[]}
重要数据[]
2023-09-25 22:36:33监控地址：https://apilist.tronscan.org/api/token_trc20/transfers?limit=300&start=0&direction=in&relatedAddress=TRJbAzQemoW4p9yJN7XbSJYiyMEZ888888&start_timestamp=1695650792000&end_timestamp=1695652592000完整监控信息：{"total":0,"rangeTotal":0,"token_transfers":[]}
重要数据[]
2023-09-25 22:37:02监控地址：https://apilist.tronscan.org/api/token_trc20/transfers?limit=300&start=0&direction=in&relatedAddress=TRJbAzQemoW4p9yJN7XbSJYiyMEZ888888&start_timestamp=1695650821000&end_timestamp=1695652621000完整监控信息：{"total":0,"rangeTotal":0,"token_transfers":[]}
重要数据[]
2023-09-25 22:37:33监控地址：https://apilist.tronscan.org/api/token_trc20/transfers?limit=300&start=0&direction=in&relatedAddress=TRJbAzQemoW4p9yJN7XbSJYiyMEZ888888&start_timestamp=1695650852000&end_timestamp=1695652652000完整监控信息：{"total":0,"rangeTotal":0,"token_transfers":[]}
重要数据[]
2023-09-25 22:38:02监控地址：https://apilist.tronscan.org/api/token_trc20/transfers?limit=300&start=0&direction=in&relatedAddress=TRJbAzQemoW4p9yJN7XbSJYiyMEZ888888&start_timestamp=1695650882000&end_timestamp=1695652682000完整监控信息：{"total":0,"rangeTotal":0,"token_transfers":[]}
重要数据[]
2023-09-25 22:38:33监控地址：https://apilist.tronscan.org/api/token_trc20/transfers?limit=300&start=0&direction=in&relatedAddress=TRJbAzQemoW4p9yJN7XbSJYiyMEZ888888&start_timestamp=1695650913000&end_timestamp=1695652713000完整监控信息：{"total":0,"rangeTotal":0,"token_transfers":[]}
重要数据[]
2023-09-25 22:39:02监控地址：https://apilist.tronscan.org/api/token_trc20/transfers?limit=300&start=0&direction=in&relatedAddress=TRJbAzQemoW4p9yJN7XbSJYiyMEZ888888&start_timestamp=1695650941000&end_timestamp=1695652741000完整监控信息：{"total":0,"rangeTotal":0,"token_transfers":[]}
重要数据[]
2023-09-25 22:39:33监控地址：https://apilist.tronscan.org/api/token_trc20/transfers?limit=300&start=0&direction=in&relatedAddress=TRJbAzQemoW4p9yJN7XbSJYiyMEZ888888&start_timestamp=1695650972000&end_timestamp=1695652772000完整监控信息：{"total":0,"rangeTotal":0,"token_transfers":[]}
重要数据[]
2023-09-25 22:40:03监控地址：https://apilist.tronscan.org/api/token_trc20/transfers?limit=300&start=0&direction=in&relatedAddress=TRJbAzQemoW4p9yJN7XbSJYiyMEZ888888&start_timestamp=1695651002000&end_timestamp=1695652802000完整监控信息：{"total":0,"rangeTotal":0,"token_transfers":[]}
重要数据[]
2023-09-25 22:40:34监控地址：https://apilist.tronscan.org/api/token_trc20/transfers?limit=300&start=0&direction=in&relatedAddress=TRJbAzQemoW4p9yJN7XbSJYiyMEZ888888&start_timestamp=1695651033000&end_timestamp=1695652833000完整监控信息：{"total":0,"rangeTotal":0,"token_transfers":[]}
重要数据[]
2023-09-25 22:41:03监控地址：https://apilist.tronscan.org/api/token_trc20/transfers?limit=300&start=0&direction=in&relatedAddress=TRJbAzQemoW4p9yJN7XbSJYiyMEZ888888&start_timestamp=1695651062000&end_timestamp=1695652862000完整监控信息：{"total":0,"rangeTotal":0,"token_transfers":[]}
重要数据[]
2023-09-25 22:41:34监控地址：https://apilist.tronscan.org/api/token_trc20/transfers?limit=300&start=0&direction=in&relatedAddress=TRJbAzQemoW4p9yJN7XbSJYiyMEZ888888&start_timestamp=1695651093000&end_timestamp=1695652893000完整监控信息：{"total":0,"rangeTotal":0,"token_transfers":[]}
重要数据[]
2023-09-25 22:42:02监控地址：https://apilist.tronscan.org/api/token_trc20/transfers?limit=300&start=0&direction=in&relatedAddress=TRJbAzQemoW4p9yJN7XbSJYiyMEZ888888&start_timestamp=1695651121000&end_timestamp=1695652921000完整监控信息：{"total":0,"rangeTotal":0,"token_transfers":[]}
重要数据[]
2023-09-25 22:42:33监控地址：https://apilist.tronscan.org/api/token_trc20/transfers?limit=300&start=0&direction=in&relatedAddress=TRJbAzQemoW4p9yJN7XbSJYiyMEZ888888&start_timestamp=1695651152000&end_timestamp=1695652952000完整监控信息：{"total":0,"rangeTotal":0,"token_transfers":[]}
重要数据[]
2023-09-25 22:43:02监控地址：https://apilist.tronscan.org/api/token_trc20/transfers?limit=300&start=0&direction=in&relatedAddress=TRJbAzQemoW4p9yJN7XbSJYiyMEZ888888&start_timestamp=1695651181000&end_timestamp=1695652981000完整监控信息：{"total":0,"rangeTotal":0,"token_transfers":[]}
重要数据[]
2023-09-25 22:43:33监控地址：https://apilist.tronscan.org/api/token_trc20/transfers?limit=300&start=0&direction=in&relatedAddress=TRJbAzQemoW4p9yJN7XbSJYiyMEZ888888&start_timestamp=1695651212000&end_timestamp=1695653012000完整监控信息：{"total":0,"rangeTotal":0,"token_transfers":[]}
重要数据[]
2023-09-25 22:44:02监控地址：https://apilist.tronscan.org/api/token_trc20/transfers?limit=300&start=0&direction=in&relatedAddress=TRJbAzQemoW4p9yJN7XbSJYiyMEZ888888&start_timestamp=1695651241000&end_timestamp=1695653041000完整监控信息：{"total":0,"rangeTotal":0,"token_transfers":[]}
重要数据[]
2023-09-25 22:44:33监控地址：https://apilist.tronscan.org/api/token_trc20/transfers?limit=300&start=0&direction=in&relatedAddress=TRJbAzQemoW4p9yJN7XbSJYiyMEZ888888&start_timestamp=1695651272000&end_timestamp=1695653072000完整监控信息：{"total":0,"rangeTotal":0,"token_transfers":[]}
重要数据[]
2023-09-25 22:45:02监控地址：https://apilist.tronscan.org/api/token_trc20/transfers?limit=300&start=0&direction=in&relatedAddress=TRJbAzQemoW4p9yJN7XbSJYiyMEZ888888&start_timestamp=1695651301000&end_timestamp=1695653101000完整监控信息：{"total":0,"rangeTotal":0,"token_transfers":[]}
重要数据[]
2023-09-25 22:45:33监控地址：https://apilist.tronscan.org/api/token_trc20/transfers?limit=300&start=0&direction=in&relatedAddress=TRJbAzQemoW4p9yJN7XbSJYiyMEZ888888&start_timestamp=1695651332000&end_timestamp=1695653132000完整监控信息：{"total":0,"rangeTotal":0,"token_transfers":[]}
重要数据[]
2023-09-25 22:46:03监控地址：https://apilist.tronscan.org/api/token_trc20/transfers?limit=300&start=0&direction=in&relatedAddress=TRJbAzQemoW4p9yJN7XbSJYiyMEZ888888&start_timestamp=1695651362000&end_timestamp=1695653162000完整监控信息：{"total":0,"rangeTotal":0,"token_transfers":[]}
重要数据[]
2023-09-25 22:46:34监控地址：https://apilist.tronscan.org/api/token_trc20/transfers?limit=300&start=0&direction=in&relatedAddress=TRJbAzQemoW4p9yJN7XbSJYiyMEZ888888&start_timestamp=1695651393000&end_timestamp=1695653193000完整监控信息：{"total":0,"rangeTotal":0,"token_transfers":[]}
重要数据[]
2023-09-25 22:47:02监控地址：https://apilist.tronscan.org/api/token_trc20/transfers?limit=300&start=0&direction=in&relatedAddress=TRJbAzQemoW4p9yJN7XbSJYiyMEZ888888&start_timestamp=1695651422000&end_timestamp=1695653222000完整监控信息：{"total":0,"rangeTotal":0,"token_transfers":[]}
重要数据[]
2023-09-25 22:47:34监控地址：https://apilist.tronscan.org/api/token_trc20/transfers?limit=300&start=0&direction=in&relatedAddress=TRJbAzQemoW4p9yJN7XbSJYiyMEZ888888&start_timestamp=1695651453000&end_timestamp=1695653253000完整监控信息：{"total":0,"rangeTotal":0,"token_transfers":[]}
重要数据[]
2023-09-25 22:48:02监控地址：https://apilist.tronscan.org/api/token_trc20/transfers?limit=300&start=0&direction=in&relatedAddress=TRJbAzQemoW4p9yJN7XbSJYiyMEZ888888&start_timestamp=1695651481000&end_timestamp=1695653281000完整监控信息：{"total":0,"rangeTotal":0,"token_transfers":[]}
重要数据[]
2023-09-25 22:48:33监控地址：https://apilist.tronscan.org/api/token_trc20/transfers?limit=300&start=0&direction=in&relatedAddress=TRJbAzQemoW4p9yJN7XbSJYiyMEZ888888&start_timestamp=1695651512000&end_timestamp=1695653312000完整监控信息：{"total":0,"rangeTotal":0,"token_transfers":[]}
重要数据[]
2023-09-25 22:49:02监控地址：https://apilist.tronscan.org/api/token_trc20/transfers?limit=300&start=0&direction=in&relatedAddress=TRJbAzQemoW4p9yJN7XbSJYiyMEZ888888&start_timestamp=1695651541000&end_timestamp=1695653341000完整监控信息：{"total":0,"rangeTotal":0,"token_transfers":[]}
重要数据[]
2023-09-25 22:49:33监控地址：https://apilist.tronscan.org/api/token_trc20/transfers?limit=300&start=0&direction=in&relatedAddress=TRJbAzQemoW4p9yJN7XbSJYiyMEZ888888&start_timestamp=1695651572000&end_timestamp=1695653372000完整监控信息：{"total":0,"rangeTotal":0,"token_transfers":[]}
重要数据[]
2023-09-25 22:50:02监控地址：https://apilist.tronscan.org/api/token_trc20/transfers?limit=300&start=0&direction=in&relatedAddress=TRJbAzQemoW4p9yJN7XbSJYiyMEZ888888&start_timestamp=1695651601000&end_timestamp=1695653401000完整监控信息：{"total":0,"rangeTotal":0,"token_transfers":[]}
重要数据[]
2023-09-25 22:50:33监控地址：https://apilist.tronscan.org/api/token_trc20/transfers?limit=300&start=0&direction=in&relatedAddress=TRJbAzQemoW4p9yJN7XbSJYiyMEZ888888&start_timestamp=1695651632000&end_timestamp=1695653432000完整监控信息：{"total":0,"rangeTotal":0,"token_transfers":[]}
重要数据[]
2023-09-25 22:51:02监控地址：https://apilist.tronscan.org/api/token_trc20/transfers?limit=300&start=0&direction=in&relatedAddress=TRJbAzQemoW4p9yJN7XbSJYiyMEZ888888&start_timestamp=1695651661000&end_timestamp=1695653461000完整监控信息：{"total":0,"rangeTotal":0,"token_transfers":[]}
重要数据[]
2023-09-25 22:51:33监控地址：https://apilist.tronscan.org/api/token_trc20/transfers?limit=300&start=0&direction=in&relatedAddress=TRJbAzQemoW4p9yJN7XbSJYiyMEZ888888&start_timestamp=1695651692000&end_timestamp=1695653492000完整监控信息：{"total":0,"rangeTotal":0,"token_transfers":[]}
重要数据[]
2023-09-25 22:52:02监控地址：https://apilist.tronscan.org/api/token_trc20/transfers?limit=300&start=0&direction=in&relatedAddress=TRJbAzQemoW4p9yJN7XbSJYiyMEZ888888&start_timestamp=1695651721000&end_timestamp=1695653521000完整监控信息：{"total":0,"rangeTotal":0,"token_transfers":[]}
重要数据[]
2023-09-25 22:52:33监控地址：https://apilist.tronscan.org/api/token_trc20/transfers?limit=300&start=0&direction=in&relatedAddress=TRJbAzQemoW4p9yJN7XbSJYiyMEZ888888&start_timestamp=1695651753000&end_timestamp=1695653553000完整监控信息：{"total":0,"rangeTotal":0,"token_transfers":[]}
重要数据[]
2023-09-25 22:53:02监控地址：https://apilist.tronscan.org/api/token_trc20/transfers?limit=300&start=0&direction=in&relatedAddress=TRJbAzQemoW4p9yJN7XbSJYiyMEZ888888&start_timestamp=1695651781000&end_timestamp=1695653581000完整监控信息：{"total":0,"rangeTotal":0,"token_transfers":[]}
重要数据[]
2023-09-25 22:53:33监控地址：https://apilist.tronscan.org/api/token_trc20/transfers?limit=300&start=0&direction=in&relatedAddress=TRJbAzQemoW4p9yJN7XbSJYiyMEZ888888&start_timestamp=1695651812000&end_timestamp=1695653612000完整监控信息：{"total":0,"rangeTotal":0,"token_transfers":[]}
重要数据[]
2023-09-25 22:54:03监控地址：https://apilist.tronscan.org/api/token_trc20/transfers?limit=300&start=0&direction=in&relatedAddress=TRJbAzQemoW4p9yJN7XbSJYiyMEZ888888&start_timestamp=1695651842000&end_timestamp=1695653642000完整监控信息：{"total":0,"rangeTotal":0,"token_transfers":[]}
重要数据[]
2023-09-25 22:54:34监控地址：https://apilist.tronscan.org/api/token_trc20/transfers?limit=300&start=0&direction=in&relatedAddress=TRJbAzQemoW4p9yJN7XbSJYiyMEZ888888&start_timestamp=1695651873000&end_timestamp=1695653673000完整监控信息：{"total":0,"rangeTotal":0,"token_transfers":[]}
重要数据[]
2023-09-25 22:55:02监控地址：https://apilist.tronscan.org/api/token_trc20/transfers?limit=300&start=0&direction=in&relatedAddress=TRJbAzQemoW4p9yJN7XbSJYiyMEZ888888&start_timestamp=1695651902000&end_timestamp=1695653702000完整监控信息：{"total":0,"rangeTotal":0,"token_transfers":[]}
重要数据[]
2023-09-25 22:55:34监控地址：https://apilist.tronscan.org/api/token_trc20/transfers?limit=300&start=0&direction=in&relatedAddress=TRJbAzQemoW4p9yJN7XbSJYiyMEZ888888&start_timestamp=1695651933000&end_timestamp=1695653733000完整监控信息：{"total":0,"rangeTotal":0,"token_transfers":[]}
重要数据[]
2023-09-25 22:56:02监控地址：https://apilist.tronscan.org/api/token_trc20/transfers?limit=300&start=0&direction=in&relatedAddress=TRJbAzQemoW4p9yJN7XbSJYiyMEZ888888&start_timestamp=1695651961000&end_timestamp=1695653761000完整监控信息：{"total":0,"rangeTotal":0,"token_transfers":[]}
重要数据[]
2023-09-25 22:56:33监控地址：https://apilist.tronscan.org/api/token_trc20/transfers?limit=300&start=0&direction=in&relatedAddress=TRJbAzQemoW4p9yJN7XbSJYiyMEZ888888&start_timestamp=1695651992000&end_timestamp=1695653792000完整监控信息：{"total":0,"rangeTotal":0,"token_transfers":[]}
重要数据[]
2023-09-25 22:57:02监控地址：https://apilist.tronscan.org/api/token_trc20/transfers?limit=300&start=0&direction=in&relatedAddress=TRJbAzQemoW4p9yJN7XbSJYiyMEZ888888&start_timestamp=1695652021000&end_timestamp=1695653821000完整监控信息：{"total":0,"rangeTotal":0,"token_transfers":[]}
重要数据[]
2023-09-25 22:57:33监控地址：https://apilist.tronscan.org/api/token_trc20/transfers?limit=300&start=0&direction=in&relatedAddress=TRJbAzQemoW4p9yJN7XbSJYiyMEZ888888&start_timestamp=1695652052000&end_timestamp=1695653852000完整监控信息：{"total":0,"rangeTotal":0,"token_transfers":[]}
重要数据[]
2023-09-25 22:58:02监控地址：https://apilist.tronscan.org/api/token_trc20/transfers?limit=300&start=0&direction=in&relatedAddress=TRJbAzQemoW4p9yJN7XbSJYiyMEZ888888&start_timestamp=1695652082000&end_timestamp=1695653882000完整监控信息：{"total":0,"rangeTotal":0,"token_transfers":[]}
重要数据[]
2023-09-25 22:58:33监控地址：https://apilist.tronscan.org/api/token_trc20/transfers?limit=300&start=0&direction=in&relatedAddress=TRJbAzQemoW4p9yJN7XbSJYiyMEZ888888&start_timestamp=1695652113000&end_timestamp=1695653913000完整监控信息：{"total":0,"rangeTotal":0,"token_transfers":[]}
重要数据[]
2023-09-25 22:59:02监控地址：https://apilist.tronscan.org/api/token_trc20/transfers?limit=300&start=0&direction=in&relatedAddress=TRJbAzQemoW4p9yJN7XbSJYiyMEZ888888&start_timestamp=1695652141000&end_timestamp=1695653941000完整监控信息：{"total":0,"rangeTotal":0,"token_transfers":[]}
重要数据[]
2023-09-25 22:59:33监控地址：https://apilist.tronscan.org/api/token_trc20/transfers?limit=300&start=0&direction=in&relatedAddress=TRJbAzQemoW4p9yJN7XbSJYiyMEZ888888&start_timestamp=1695652173000&end_timestamp=1695653973000完整监控信息：{"total":0,"rangeTotal":0,"token_transfers":[]}
重要数据[]
2023-09-25 23:00:03监控地址：https://apilist.tronscan.org/api/token_trc20/transfers?limit=300&start=0&direction=in&relatedAddress=TRJbAzQemoW4p9yJN7XbSJYiyMEZ888888&start_timestamp=1695652202000&end_timestamp=1695654002000完整监控信息：{"total":0,"rangeTotal":0,"token_transfers":[]}
重要数据[]
2023-09-25 23:00:34监控地址：https://apilist.tronscan.org/api/token_trc20/transfers?limit=300&start=0&direction=in&relatedAddress=TRJbAzQemoW4p9yJN7XbSJYiyMEZ888888&start_timestamp=1695652233000&end_timestamp=1695654033000完整监控信息：{"total":0,"rangeTotal":0,"token_transfers":[]}
重要数据[]
2023-09-25 23:01:03监控地址：https://apilist.tronscan.org/api/token_trc20/transfers?limit=300&start=0&direction=in&relatedAddress=TRJbAzQemoW4p9yJN7XbSJYiyMEZ888888&start_timestamp=1695652262000&end_timestamp=1695654062000完整监控信息：{"total":0,"rangeTotal":0,"token_transfers":[]}
重要数据[]
2023-09-25 23:01:34监控地址：https://apilist.tronscan.org/api/token_trc20/transfers?limit=300&start=0&direction=in&relatedAddress=TRJbAzQemoW4p9yJN7XbSJYiyMEZ888888&start_timestamp=1695652293000&end_timestamp=1695654093000完整监控信息：{"total":0,"rangeTotal":0,"token_transfers":[]}
重要数据[]
2023-09-25 23:02:02监控地址：https://apilist.tronscan.org/api/token_trc20/transfers?limit=300&start=0&direction=in&relatedAddress=TRJbAzQemoW4p9yJN7XbSJYiyMEZ888888&start_timestamp=1695652321000&end_timestamp=1695654121000完整监控信息：{"total":0,"rangeTotal":0,"token_transfers":[]}
重要数据[]
2023-09-25 23:02:33监控地址：https://apilist.tronscan.org/api/token_trc20/transfers?limit=300&start=0&direction=in&relatedAddress=TRJbAzQemoW4p9yJN7XbSJYiyMEZ888888&start_timestamp=1695652352000&end_timestamp=1695654152000完整监控信息：{"total":0,"rangeTotal":0,"token_transfers":[]}
重要数据[]
2023-09-25 23:03:02监控地址：https://apilist.tronscan.org/api/token_trc20/transfers?limit=300&start=0&direction=in&relatedAddress=TRJbAzQemoW4p9yJN7XbSJYiyMEZ888888&start_timestamp=1695652381000&end_timestamp=1695654181000完整监控信息：{"total":0,"rangeTotal":0,"token_transfers":[]}
重要数据[]
2023-09-25 23:03:33监控地址：https://apilist.tronscan.org/api/token_trc20/transfers?limit=300&start=0&direction=in&relatedAddress=TRJbAzQemoW4p9yJN7XbSJYiyMEZ888888&start_timestamp=1695652412000&end_timestamp=1695654212000完整监控信息：{"total":0,"rangeTotal":0,"token_transfers":[]}
重要数据[]
2023-09-25 23:04:02监控地址：https://apilist.tronscan.org/api/token_trc20/transfers?limit=300&start=0&direction=in&relatedAddress=TRJbAzQemoW4p9yJN7XbSJYiyMEZ888888&start_timestamp=1695652441000&end_timestamp=1695654241000完整监控信息：{"total":0,"rangeTotal":0,"token_transfers":[]}
重要数据[]
2023-09-25 23:04:33监控地址：https://apilist.tronscan.org/api/token_trc20/transfers?limit=300&start=0&direction=in&relatedAddress=TRJbAzQemoW4p9yJN7XbSJYiyMEZ888888&start_timestamp=1695652472000&end_timestamp=1695654272000完整监控信息：{"total":0,"rangeTotal":0,"token_transfers":[]}
重要数据[]
2023-09-25 23:05:02监控地址：https://apilist.tronscan.org/api/token_trc20/transfers?limit=300&start=0&direction=in&relatedAddress=TRJbAzQemoW4p9yJN7XbSJYiyMEZ888888&start_timestamp=1695652501000&end_timestamp=1695654301000完整监控信息：{"total":0,"rangeTotal":0,"token_transfers":[]}
重要数据[]
2023-09-25 23:05:33监控地址：https://apilist.tronscan.org/api/token_trc20/transfers?limit=300&start=0&direction=in&relatedAddress=TRJbAzQemoW4p9yJN7XbSJYiyMEZ888888&start_timestamp=1695652532000&end_timestamp=1695654332000完整监控信息：{"total":0,"rangeTotal":0,"token_transfers":[]}
重要数据[]
2023-09-25 23:06:03监控地址：https://apilist.tronscan.org/api/token_trc20/transfers?limit=300&start=0&direction=in&relatedAddress=TRJbAzQemoW4p9yJN7XbSJYiyMEZ888888&start_timestamp=1695652562000&end_timestamp=1695654362000完整监控信息：{"total":0,"rangeTotal":0,"token_transfers":[]}
重要数据[]
2023-09-25 23:06:34监控地址：https://apilist.tronscan.org/api/token_trc20/transfers?limit=300&start=0&direction=in&relatedAddress=TRJbAzQemoW4p9yJN7XbSJYiyMEZ888888&start_timestamp=1695652593000&end_timestamp=1695654393000完整监控信息：{"total":0,"rangeTotal":0,"token_transfers":[]}
重要数据[]
2023-09-25 23:07:02监控地址：https://apilist.tronscan.org/api/token_trc20/transfers?limit=300&start=0&direction=in&relatedAddress=TRJbAzQemoW4p9yJN7XbSJYiyMEZ888888&start_timestamp=1695652622000&end_timestamp=1695654422000完整监控信息：{"total":0,"rangeTotal":0,"token_transfers":[]}
重要数据[]
2023-09-25 23:07:33监控地址：https://apilist.tronscan.org/api/token_trc20/transfers?limit=300&start=0&direction=in&relatedAddress=TRJbAzQemoW4p9yJN7XbSJYiyMEZ888888&start_timestamp=1695652653000&end_timestamp=1695654453000完整监控信息：{"total":0,"rangeTotal":0,"token_transfers":[]}
重要数据[]
2023-09-25 23:08:02监控地址：https://apilist.tronscan.org/api/token_trc20/transfers?limit=300&start=0&direction=in&relatedAddress=TRJbAzQemoW4p9yJN7XbSJYiyMEZ888888&start_timestamp=1695652681000&end_timestamp=1695654481000完整监控信息：{"total":0,"rangeTotal":0,"token_transfers":[]}
重要数据[]
2023-09-25 23:08:33监控地址：https://apilist.tronscan.org/api/token_trc20/transfers?limit=300&start=0&direction=in&relatedAddress=TRJbAzQemoW4p9yJN7XbSJYiyMEZ888888&start_timestamp=1695652712000&end_timestamp=1695654512000完整监控信息：{"total":0,"rangeTotal":0,"token_transfers":[]}
重要数据[]
2023-09-25 23:09:03监控地址：https://apilist.tronscan.org/api/token_trc20/transfers?limit=300&start=0&direction=in&relatedAddress=TRJbAzQemoW4p9yJN7XbSJYiyMEZ888888&start_timestamp=1695652742000&end_timestamp=1695654542000完整监控信息：{"total":0,"rangeTotal":0,"token_transfers":[]}
重要数据[]
2023-09-25 23:09:34监控地址：https://apilist.tronscan.org/api/token_trc20/transfers?limit=300&start=0&direction=in&relatedAddress=TRJbAzQemoW4p9yJN7XbSJYiyMEZ888888&start_timestamp=1695652773000&end_timestamp=1695654573000完整监控信息：{"total":0,"rangeTotal":0,"token_transfers":[]}
重要数据[]
2023-09-25 23:10:02监控地址：https://apilist.tronscan.org/api/token_trc20/transfers?limit=300&start=0&direction=in&relatedAddress=TRJbAzQemoW4p9yJN7XbSJYiyMEZ888888&start_timestamp=1695652802000&end_timestamp=1695654602000完整监控信息：{"total":0,"rangeTotal":0,"token_transfers":[]}
重要数据[]
2023-09-25 23:10:34监控地址：https://apilist.tronscan.org/api/token_trc20/transfers?limit=300&start=0&direction=in&relatedAddress=TRJbAzQemoW4p9yJN7XbSJYiyMEZ888888&start_timestamp=1695652833000&end_timestamp=1695654633000完整监控信息：{"total":0,"rangeTotal":0,"token_transfers":[]}
重要数据[]
2023-09-25 23:11:02监控地址：https://apilist.tronscan.org/api/token_trc20/transfers?limit=300&start=0&direction=in&relatedAddress=TRJbAzQemoW4p9yJN7XbSJYiyMEZ888888&start_timestamp=1695652861000&end_timestamp=1695654661000完整监控信息：{"total":0,"rangeTotal":0,"token_transfers":[]}
重要数据[]
2023-09-25 23:11:33监控地址：https://apilist.tronscan.org/api/token_trc20/transfers?limit=300&start=0&direction=in&relatedAddress=TRJbAzQemoW4p9yJN7XbSJYiyMEZ888888&start_timestamp=1695652892000&end_timestamp=1695654692000完整监控信息：{"total":0,"rangeTotal":0,"token_transfers":[]}
重要数据[]
2023-09-25 23:12:02监控地址：https://apilist.tronscan.org/api/token_trc20/transfers?limit=300&start=0&direction=in&relatedAddress=TRJbAzQemoW4p9yJN7XbSJYiyMEZ888888&start_timestamp=1695652921000&end_timestamp=1695654721000完整监控信息：{"total":0,"rangeTotal":0,"token_transfers":[]}
重要数据[]
2023-09-25 23:12:33监控地址：https://apilist.tronscan.org/api/token_trc20/transfers?limit=300&start=0&direction=in&relatedAddress=TRJbAzQemoW4p9yJN7XbSJYiyMEZ888888&start_timestamp=1695652952000&end_timestamp=1695654752000完整监控信息：{"total":0,"rangeTotal":0,"token_transfers":[]}
重要数据[]
2023-09-25 23:13:02监控地址：https://apilist.tronscan.org/api/token_trc20/transfers?limit=300&start=0&direction=in&relatedAddress=TRJbAzQemoW4p9yJN7XbSJYiyMEZ888888&start_timestamp=1695652981000&end_timestamp=1695654781000完整监控信息：{"total":0,"rangeTotal":0,"token_transfers":[]}
重要数据[]
2023-09-25 23:13:33监控地址：https://apilist.tronscan.org/api/token_trc20/transfers?limit=300&start=0&direction=in&relatedAddress=TRJbAzQemoW4p9yJN7XbSJYiyMEZ888888&start_timestamp=1695653012000&end_timestamp=1695654812000完整监控信息：{"total":0,"rangeTotal":0,"token_transfers":[]}
重要数据[]
2023-09-25 23:14:02监控地址：https://apilist.tronscan.org/api/token_trc20/transfers?limit=300&start=0&direction=in&relatedAddress=TRJbAzQemoW4p9yJN7XbSJYiyMEZ888888&start_timestamp=1695653041000&end_timestamp=1695654841000完整监控信息：{"total":0,"rangeTotal":0,"token_transfers":[]}
重要数据[]
2023-09-25 23:14:33监控地址：https://apilist.tronscan.org/api/token_trc20/transfers?limit=300&start=0&direction=in&relatedAddress=TRJbAzQemoW4p9yJN7XbSJYiyMEZ888888&start_timestamp=1695653072000&end_timestamp=1695654872000完整监控信息：{"total":0,"rangeTotal":0,"token_transfers":[]}
重要数据[]
2023-09-25 23:15:03监控地址：https://apilist.tronscan.org/api/token_trc20/transfers?limit=300&start=0&direction=in&relatedAddress=TRJbAzQemoW4p9yJN7XbSJYiyMEZ888888&start_timestamp=1695653102000&end_timestamp=1695654902000完整监控信息：{"total":0,"rangeTotal":0,"token_transfers":[]}
重要数据[]
2023-09-25 23:15:34监控地址：https://apilist.tronscan.org/api/token_trc20/transfers?limit=300&start=0&direction=in&relatedAddress=TRJbAzQemoW4p9yJN7XbSJYiyMEZ888888&start_timestamp=1695653133000&end_timestamp=1695654933000完整监控信息：{"total":0,"rangeTotal":0,"token_transfers":[]}
重要数据[]
2023-09-25 23:16:02监控地址：https://apilist.tronscan.org/api/token_trc20/transfers?limit=300&start=0&direction=in&relatedAddress=TRJbAzQemoW4p9yJN7XbSJYiyMEZ888888&start_timestamp=1695653162000&end_timestamp=1695654962000完整监控信息：{"total":0,"rangeTotal":0,"token_transfers":[]}
重要数据[]
2023-09-25 23:16:34监控地址：https://apilist.tronscan.org/api/token_trc20/transfers?limit=300&start=0&direction=in&relatedAddress=TRJbAzQemoW4p9yJN7XbSJYiyMEZ888888&start_timestamp=1695653193000&end_timestamp=1695654993000完整监控信息：{"total":0,"rangeTotal":0,"token_transfers":[]}
重要数据[]
2023-09-25 23:17:02监控地址：https://apilist.tronscan.org/api/token_trc20/transfers?limit=300&start=0&direction=in&relatedAddress=TRJbAzQemoW4p9yJN7XbSJYiyMEZ888888&start_timestamp=1695653221000&end_timestamp=1695655021000完整监控信息：{"total":0,"rangeTotal":0,"token_transfers":[]}
重要数据[]
2023-09-25 23:17:33监控地址：https://apilist.tronscan.org/api/token_trc20/transfers?limit=300&start=0&direction=in&relatedAddress=TRJbAzQemoW4p9yJN7XbSJYiyMEZ888888&start_timestamp=1695653252000&end_timestamp=1695655052000完整监控信息：{"total":0,"rangeTotal":0,"token_transfers":[]}
重要数据[]
2023-09-25 23:18:02监控地址：https://apilist.tronscan.org/api/token_trc20/transfers?limit=300&start=0&direction=in&relatedAddress=TRJbAzQemoW4p9yJN7XbSJYiyMEZ888888&start_timestamp=1695653281000&end_timestamp=1695655081000完整监控信息：{"total":0,"rangeTotal":0,"token_transfers":[]}
重要数据[]
2023-09-25 23:18:33监控地址：https://apilist.tronscan.org/api/token_trc20/transfers?limit=300&start=0&direction=in&relatedAddress=TRJbAzQemoW4p9yJN7XbSJYiyMEZ888888&start_timestamp=1695653312000&end_timestamp=1695655112000完整监控信息：{"total":0,"rangeTotal":0,"token_transfers":[]}
重要数据[]
2023-09-25 23:19:02监控地址：https://apilist.tronscan.org/api/token_trc20/transfers?limit=300&start=0&direction=in&relatedAddress=TRJbAzQemoW4p9yJN7XbSJYiyMEZ888888&start_timestamp=1695653341000&end_timestamp=1695655141000完整监控信息：{"total":0,"rangeTotal":0,"token_transfers":[]}
重要数据[]
2023-09-25 23:19:33监控地址：https://apilist.tronscan.org/api/token_trc20/transfers?limit=300&start=0&direction=in&relatedAddress=TRJbAzQemoW4p9yJN7XbSJYiyMEZ888888&start_timestamp=1695653372000&end_timestamp=1695655172000完整监控信息：{"total":0,"rangeTotal":0,"token_transfers":[]}
重要数据[]
2023-09-25 23:20:02监控地址：https://apilist.tronscan.org/api/token_trc20/transfers?limit=300&start=0&direction=in&relatedAddress=TRJbAzQemoW4p9yJN7XbSJYiyMEZ888888&start_timestamp=1695653401000&end_timestamp=1695655201000完整监控信息：{"total":0,"rangeTotal":0,"token_transfers":[]}
重要数据[]
2023-09-25 23:20:33监控地址：https://apilist.tronscan.org/api/token_trc20/transfers?limit=300&start=0&direction=in&relatedAddress=TRJbAzQemoW4p9yJN7XbSJYiyMEZ888888&start_timestamp=1695653432000&end_timestamp=1695655232000完整监控信息：{"total":0,"rangeTotal":0,"token_transfers":[]}
重要数据[]
2023-09-25 23:21:02监控地址：https://apilist.tronscan.org/api/token_trc20/transfers?limit=300&start=0&direction=in&relatedAddress=TRJbAzQemoW4p9yJN7XbSJYiyMEZ888888&start_timestamp=1695653462000&end_timestamp=1695655262000完整监控信息：{"total":0,"rangeTotal":0,"token_transfers":[]}
重要数据[]
2023-09-25 23:21:33监控地址：https://apilist.tronscan.org/api/token_trc20/transfers?limit=300&start=0&direction=in&relatedAddress=TRJbAzQemoW4p9yJN7XbSJYiyMEZ888888&start_timestamp=1695653493000&end_timestamp=1695655293000完整监控信息：{"total":0,"rangeTotal":0,"token_transfers":[]}
重要数据[]
2023-09-25 23:22:02监控地址：https://apilist.tronscan.org/api/token_trc20/transfers?limit=300&start=0&direction=in&relatedAddress=TRJbAzQemoW4p9yJN7XbSJYiyMEZ888888&start_timestamp=1695653522000&end_timestamp=1695655322000完整监控信息：{"total":0,"rangeTotal":0,"token_transfers":[]}
重要数据[]
2023-09-25 23:22:33监控地址：https://apilist.tronscan.org/api/token_trc20/transfers?limit=300&start=0&direction=in&relatedAddress=TRJbAzQemoW4p9yJN7XbSJYiyMEZ888888&start_timestamp=1695653553000&end_timestamp=1695655353000完整监控信息：{"total":0,"rangeTotal":0,"token_transfers":[]}
重要数据[]
2023-09-25 23:23:03监控地址：https://apilist.tronscan.org/api/token_trc20/transfers?limit=300&start=0&direction=in&relatedAddress=TRJbAzQemoW4p9yJN7XbSJYiyMEZ888888&start_timestamp=1695653582000&end_timestamp=1695655382000完整监控信息：{"total":0,"rangeTotal":0,"token_transfers":[]}
重要数据[]
2023-09-25 23:23:34监控地址：https://apilist.tronscan.org/api/token_trc20/transfers?limit=300&start=0&direction=in&relatedAddress=TRJbAzQemoW4p9yJN7XbSJYiyMEZ888888&start_timestamp=1695653613000&end_timestamp=1695655413000完整监控信息：{"total":0,"rangeTotal":0,"token_transfers":[]}
重要数据[]
2023-09-25 23:24:03监控地址：https://apilist.tronscan.org/api/token_trc20/transfers?limit=300&start=0&direction=in&relatedAddress=TRJbAzQemoW4p9yJN7XbSJYiyMEZ888888&start_timestamp=1695653642000&end_timestamp=1695655442000完整监控信息：{"total":0,"rangeTotal":0,"token_transfers":[]}
重要数据[]
2023-09-25 23:24:34监控地址：https://apilist.tronscan.org/api/token_trc20/transfers?limit=300&start=0&direction=in&relatedAddress=TRJbAzQemoW4p9yJN7XbSJYiyMEZ888888&start_timestamp=1695653673000&end_timestamp=1695655473000完整监控信息：{"total":0,"rangeTotal":0,"token_transfers":[]}
重要数据[]
2023-09-25 23:25:02监控地址：https://apilist.tronscan.org/api/token_trc20/transfers?limit=300&start=0&direction=in&relatedAddress=TRJbAzQemoW4p9yJN7XbSJYiyMEZ888888&start_timestamp=1695653701000&end_timestamp=1695655501000完整监控信息：{"total":0,"rangeTotal":0,"token_transfers":[]}
重要数据[]
2023-09-25 23:25:33监控地址：https://apilist.tronscan.org/api/token_trc20/transfers?limit=300&start=0&direction=in&relatedAddress=TRJbAzQemoW4p9yJN7XbSJYiyMEZ888888&start_timestamp=1695653732000&end_timestamp=1695655532000完整监控信息：{"total":0,"rangeTotal":0,"token_transfers":[]}
重要数据[]
2023-09-25 23:26:02监控地址：https://apilist.tronscan.org/api/token_trc20/transfers?limit=300&start=0&direction=in&relatedAddress=TRJbAzQemoW4p9yJN7XbSJYiyMEZ888888&start_timestamp=1695653761000&end_timestamp=1695655561000完整监控信息：{"total":0,"rangeTotal":0,"token_transfers":[]}
重要数据[]
2023-09-25 23:26:33监控地址：https://apilist.tronscan.org/api/token_trc20/transfers?limit=300&start=0&direction=in&relatedAddress=TRJbAzQemoW4p9yJN7XbSJYiyMEZ888888&start_timestamp=1695653792000&end_timestamp=1695655592000完整监控信息：{"total":0,"rangeTotal":0,"token_transfers":[]}
重要数据[]
2023-09-25 23:27:02监控地址：https://apilist.tronscan.org/api/token_trc20/transfers?limit=300&start=0&direction=in&relatedAddress=TRJbAzQemoW4p9yJN7XbSJYiyMEZ888888&start_timestamp=1695653822000&end_timestamp=1695655622000完整监控信息：{"total":0,"rangeTotal":0,"token_transfers":[]}
重要数据[]
2023-09-25 23:27:33监控地址：https://apilist.tronscan.org/api/token_trc20/transfers?limit=300&start=0&direction=in&relatedAddress=TRJbAzQemoW4p9yJN7XbSJYiyMEZ888888&start_timestamp=1695653853000&end_timestamp=1695655653000完整监控信息：{"total":0,"rangeTotal":0,"token_transfers":[]}
重要数据[]
2023-09-25 23:28:02监控地址：https://apilist.tronscan.org/api/token_trc20/transfers?limit=300&start=0&direction=in&relatedAddress=TRJbAzQemoW4p9yJN7XbSJYiyMEZ888888&start_timestamp=1695653882000&end_timestamp=1695655682000完整监控信息：{"total":0,"rangeTotal":0,"token_transfers":[]}
重要数据[]
2023-09-25 23:28:34监控地址：https://apilist.tronscan.org/api/token_trc20/transfers?limit=300&start=0&direction=in&relatedAddress=TRJbAzQemoW4p9yJN7XbSJYiyMEZ888888&start_timestamp=1695653913000&end_timestamp=1695655713000完整监控信息：{"total":0,"rangeTotal":0,"token_transfers":[]}
重要数据[]
2023-09-25 23:29:03监控地址：https://apilist.tronscan.org/api/token_trc20/transfers?limit=300&start=0&direction=in&relatedAddress=TRJbAzQemoW4p9yJN7XbSJYiyMEZ888888&start_timestamp=1695653942000&end_timestamp=1695655742000完整监控信息：{"total":0,"rangeTotal":0,"token_transfers":[]}
重要数据[]
2023-09-25 23:29:34监控地址：https://apilist.tronscan.org/api/token_trc20/transfers?limit=300&start=0&direction=in&relatedAddress=TRJbAzQemoW4p9yJN7XbSJYiyMEZ888888&start_timestamp=1695653973000&end_timestamp=1695655773000完整监控信息：{"total":0,"rangeTotal":0,"token_transfers":[]}
重要数据[]
2023-09-25 23:30:02监控地址：https://apilist.tronscan.org/api/token_trc20/transfers?limit=300&start=0&direction=in&relatedAddress=TRJbAzQemoW4p9yJN7XbSJYiyMEZ888888&start_timestamp=1695654001000&end_timestamp=1695655801000完整监控信息：{"total":0,"rangeTotal":0,"token_transfers":[]}
重要数据[]
2023-09-25 23:30:33监控地址：https://apilist.tronscan.org/api/token_trc20/transfers?limit=300&start=0&direction=in&relatedAddress=TRJbAzQemoW4p9yJN7XbSJYiyMEZ888888&start_timestamp=1695654032000&end_timestamp=1695655832000完整监控信息：{"total":0,"rangeTotal":0,"token_transfers":[]}
重要数据[]
2023-09-25 23:31:02监控地址：https://apilist.tronscan.org/api/token_trc20/transfers?limit=300&start=0&direction=in&relatedAddress=TRJbAzQemoW4p9yJN7XbSJYiyMEZ888888&start_timestamp=1695654061000&end_timestamp=1695655861000完整监控信息：{"total":0,"rangeTotal":0,"token_transfers":[]}
重要数据[]
2023-09-25 23:31:33监控地址：https://apilist.tronscan.org/api/token_trc20/transfers?limit=300&start=0&direction=in&relatedAddress=TRJbAzQemoW4p9yJN7XbSJYiyMEZ888888&start_timestamp=1695654092000&end_timestamp=1695655892000完整监控信息：{"total":0,"rangeTotal":0,"token_transfers":[]}
重要数据[]
2023-09-25 23:32:02监控地址：https://apilist.tronscan.org/api/token_trc20/transfers?limit=300&start=0&direction=in&relatedAddress=TRJbAzQemoW4p9yJN7XbSJYiyMEZ888888&start_timestamp=1695654121000&end_timestamp=1695655921000完整监控信息：{"total":0,"rangeTotal":0,"token_transfers":[]}
重要数据[]
2023-09-25 23:32:33监控地址：https://apilist.tronscan.org/api/token_trc20/transfers?limit=300&start=0&direction=in&relatedAddress=TRJbAzQemoW4p9yJN7XbSJYiyMEZ888888&start_timestamp=1695654152000&end_timestamp=1695655952000完整监控信息：{"total":0,"rangeTotal":0,"token_transfers":[]}
重要数据[]
2023-09-25 23:33:02监控地址：https://apilist.tronscan.org/api/token_trc20/transfers?limit=300&start=0&direction=in&relatedAddress=TRJbAzQemoW4p9yJN7XbSJYiyMEZ888888&start_timestamp=1695654181000&end_timestamp=1695655981000完整监控信息：{"total":0,"rangeTotal":0,"token_transfers":[]}
重要数据[]
2023-09-25 23:33:33监控地址：https://apilist.tronscan.org/api/token_trc20/transfers?limit=300&start=0&direction=in&relatedAddress=TRJbAzQemoW4p9yJN7XbSJYiyMEZ888888&start_timestamp=1695654212000&end_timestamp=1695656012000完整监控信息：{"total":0,"rangeTotal":0,"token_transfers":[]}
重要数据[]
2023-09-25 23:34:02监控地址：https://apilist.tronscan.org/api/token_trc20/transfers?limit=300&start=0&direction=in&relatedAddress=TRJbAzQemoW4p9yJN7XbSJYiyMEZ888888&start_timestamp=1695654241000&end_timestamp=1695656041000完整监控信息：{"total":0,"rangeTotal":0,"token_transfers":[]}
重要数据[]
2023-09-25 23:34:33监控地址：https://apilist.tronscan.org/api/token_trc20/transfers?limit=300&start=0&direction=in&relatedAddress=TRJbAzQemoW4p9yJN7XbSJYiyMEZ888888&start_timestamp=1695654272000&end_timestamp=1695656072000完整监控信息：{"total":0,"rangeTotal":0,"token_transfers":[]}
重要数据[]
2023-09-25 23:35:03监控地址：https://apilist.tronscan.org/api/token_trc20/transfers?limit=300&start=0&direction=in&relatedAddress=TRJbAzQemoW4p9yJN7XbSJYiyMEZ888888&start_timestamp=1695654302000&end_timestamp=1695656102000完整监控信息：{"total":0,"rangeTotal":0,"token_transfers":[]}
重要数据[]
2023-09-25 23:35:34监控地址：https://apilist.tronscan.org/api/token_trc20/transfers?limit=300&start=0&direction=in&relatedAddress=TRJbAzQemoW4p9yJN7XbSJYiyMEZ888888&start_timestamp=1695654333000&end_timestamp=1695656133000完整监控信息：{"total":0,"rangeTotal":0,"token_transfers":[]}
重要数据[]
2023-09-25 23:36:02监控地址：https://apilist.tronscan.org/api/token_trc20/transfers?limit=300&start=0&direction=in&relatedAddress=TRJbAzQemoW4p9yJN7XbSJYiyMEZ888888&start_timestamp=1695654362000&end_timestamp=1695656162000完整监控信息：{"total":0,"rangeTotal":0,"token_transfers":[]}
重要数据[]
2023-09-25 23:36:33监控地址：https://apilist.tronscan.org/api/token_trc20/transfers?limit=300&start=0&direction=in&relatedAddress=TRJbAzQemoW4p9yJN7XbSJYiyMEZ888888&start_timestamp=1695654393000&end_timestamp=1695656193000完整监控信息：{"total":0,"rangeTotal":0,"token_transfers":[]}
重要数据[]
2023-09-25 23:37:02监控地址：https://apilist.tronscan.org/api/token_trc20/transfers?limit=300&start=0&direction=in&relatedAddress=TRJbAzQemoW4p9yJN7XbSJYiyMEZ888888&start_timestamp=1695654421000&end_timestamp=1695656221000完整监控信息：{"total":0,"rangeTotal":0,"token_transfers":[]}
重要数据[]
2023-09-25 23:37:33监控地址：https://apilist.tronscan.org/api/token_trc20/transfers?limit=300&start=0&direction=in&relatedAddress=TRJbAzQemoW4p9yJN7XbSJYiyMEZ888888&start_timestamp=1695654452000&end_timestamp=1695656252000完整监控信息：{"total":0,"rangeTotal":0,"token_transfers":[]}
重要数据[]
2023-09-25 23:38:02监控地址：https://apilist.tronscan.org/api/token_trc20/transfers?limit=300&start=0&direction=in&relatedAddress=TRJbAzQemoW4p9yJN7XbSJYiyMEZ888888&start_timestamp=1695654481000&end_timestamp=1695656281000完整监控信息：{"total":0,"rangeTotal":0,"token_transfers":[]}
重要数据[]
2023-09-25 23:38:33监控地址：https://apilist.tronscan.org/api/token_trc20/transfers?limit=300&start=0&direction=in&relatedAddress=TRJbAzQemoW4p9yJN7XbSJYiyMEZ888888&start_timestamp=1695654512000&end_timestamp=1695656312000完整监控信息：{"total":0,"rangeTotal":0,"token_transfers":[]}
重要数据[]
2023-09-25 23:39:02监控地址：https://apilist.tronscan.org/api/token_trc20/transfers?limit=300&start=0&direction=in&relatedAddress=TRJbAzQemoW4p9yJN7XbSJYiyMEZ888888&start_timestamp=1695654541000&end_timestamp=1695656341000完整监控信息：{"total":0,"rangeTotal":0,"token_transfers":[]}
重要数据[]
2023-09-25 23:39:33监控地址：https://apilist.tronscan.org/api/token_trc20/transfers?limit=300&start=0&direction=in&relatedAddress=TRJbAzQemoW4p9yJN7XbSJYiyMEZ888888&start_timestamp=1695654572000&end_timestamp=1695656372000完整监控信息：{"total":0,"rangeTotal":0,"token_transfers":[]}
重要数据[]
2023-09-25 23:40:02监控地址：https://apilist.tronscan.org/api/token_trc20/transfers?limit=300&start=0&direction=in&relatedAddress=TRJbAzQemoW4p9yJN7XbSJYiyMEZ888888&start_timestamp=1695654601000&end_timestamp=1695656401000完整监控信息：{"total":0,"rangeTotal":0,"token_transfers":[]}
重要数据[]
2023-09-25 23:40:33监控地址：https://apilist.tronscan.org/api/token_trc20/transfers?limit=300&start=0&direction=in&relatedAddress=TRJbAzQemoW4p9yJN7XbSJYiyMEZ888888&start_timestamp=1695654632000&end_timestamp=1695656432000完整监控信息：{"total":0,"rangeTotal":0,"token_transfers":[]}
重要数据[]
2023-09-25 23:41:02监控地址：https://apilist.tronscan.org/api/token_trc20/transfers?limit=300&start=0&direction=in&relatedAddress=TRJbAzQemoW4p9yJN7XbSJYiyMEZ888888&start_timestamp=1695654661000&end_timestamp=1695656461000完整监控信息：{"total":0,"rangeTotal":0,"token_transfers":[]}
重要数据[]
2023-09-25 23:41:33监控地址：https://apilist.tronscan.org/api/token_trc20/transfers?limit=300&start=0&direction=in&relatedAddress=TRJbAzQemoW4p9yJN7XbSJYiyMEZ888888&start_timestamp=1695654693000&end_timestamp=1695656493000完整监控信息：{"total":0,"rangeTotal":0,"token_transfers":[]}
重要数据[]
2023-09-25 23:42:02监控地址：https://apilist.tronscan.org/api/token_trc20/transfers?limit=300&start=0&direction=in&relatedAddress=TRJbAzQemoW4p9yJN7XbSJYiyMEZ888888&start_timestamp=1695654722000&end_timestamp=1695656522000完整监控信息：{"total":0,"rangeTotal":0,"token_transfers":[]}
重要数据[]
2023-09-25 23:42:34监控地址：https://apilist.tronscan.org/api/token_trc20/transfers?limit=300&start=0&direction=in&relatedAddress=TRJbAzQemoW4p9yJN7XbSJYiyMEZ888888&start_timestamp=1695654753000&end_timestamp=1695656553000完整监控信息：{"total":0,"rangeTotal":0,"token_transfers":[]}
重要数据[]
2023-09-25 23:43:03监控地址：https://apilist.tronscan.org/api/token_trc20/transfers?limit=300&start=0&direction=in&relatedAddress=TRJbAzQemoW4p9yJN7XbSJYiyMEZ888888&start_timestamp=1695654782000&end_timestamp=1695656582000完整监控信息：{"total":0,"rangeTotal":0,"token_transfers":[]}
重要数据[]
2023-09-25 23:43:34监控地址：https://apilist.tronscan.org/api/token_trc20/transfers?limit=300&start=0&direction=in&relatedAddress=TRJbAzQemoW4p9yJN7XbSJYiyMEZ888888&start_timestamp=1695654813000&end_timestamp=1695656613000完整监控信息：{"total":0,"rangeTotal":0,"token_transfers":[]}
重要数据[]
2023-09-25 23:44:02监控地址：https://apilist.tronscan.org/api/token_trc20/transfers?limit=300&start=0&direction=in&relatedAddress=TRJbAzQemoW4p9yJN7XbSJYiyMEZ888888&start_timestamp=1695654841000&end_timestamp=1695656641000完整监控信息：{"total":0,"rangeTotal":0,"token_transfers":[]}
重要数据[]
2023-09-25 23:44:33监控地址：https://apilist.tronscan.org/api/token_trc20/transfers?limit=300&start=0&direction=in&relatedAddress=TRJbAzQemoW4p9yJN7XbSJYiyMEZ888888&start_timestamp=1695654872000&end_timestamp=1695656672000完整监控信息：{"total":0,"rangeTotal":0,"token_transfers":[]}
重要数据[]
2023-09-25 23:45:02监控地址：https://apilist.tronscan.org/api/token_trc20/transfers?limit=300&start=0&direction=in&relatedAddress=TRJbAzQemoW4p9yJN7XbSJYiyMEZ888888&start_timestamp=1695654901000&end_timestamp=1695656701000完整监控信息：{"total":0,"rangeTotal":0,"token_transfers":[]}
重要数据[]
2023-09-25 23:45:33监控地址：https://apilist.tronscan.org/api/token_trc20/transfers?limit=300&start=0&direction=in&relatedAddress=TRJbAzQemoW4p9yJN7XbSJYiyMEZ888888&start_timestamp=1695654932000&end_timestamp=1695656732000完整监控信息：{"total":0,"rangeTotal":0,"token_transfers":[]}
重要数据[]
2023-09-25 23:46:02监控地址：https://apilist.tronscan.org/api/token_trc20/transfers?limit=300&start=0&direction=in&relatedAddress=TRJbAzQemoW4p9yJN7XbSJYiyMEZ888888&start_timestamp=1695654961000&end_timestamp=1695656761000完整监控信息：{"total":0,"rangeTotal":0,"token_transfers":[]}
重要数据[]
2023-09-25 23:46:33监控地址：https://apilist.tronscan.org/api/token_trc20/transfers?limit=300&start=0&direction=in&relatedAddress=TRJbAzQemoW4p9yJN7XbSJYiyMEZ888888&start_timestamp=1695654992000&end_timestamp=1695656792000完整监控信息：{"total":0,"rangeTotal":0,"token_transfers":[]}
重要数据[]
2023-09-25 23:47:02监控地址：https://apilist.tronscan.org/api/token_trc20/transfers?limit=300&start=0&direction=in&relatedAddress=TRJbAzQemoW4p9yJN7XbSJYiyMEZ888888&start_timestamp=1695655021000&end_timestamp=1695656821000完整监控信息：{"total":0,"rangeTotal":0,"token_transfers":[]}
重要数据[]
2023-09-25 23:47:33监控地址：https://apilist.tronscan.org/api/token_trc20/transfers?limit=300&start=0&direction=in&relatedAddress=TRJbAzQemoW4p9yJN7XbSJYiyMEZ888888&start_timestamp=1695655052000&end_timestamp=1695656852000完整监控信息：{"total":0,"rangeTotal":0,"token_transfers":[]}
重要数据[]
2023-09-25 23:48:02监控地址：https://apilist.tronscan.org/api/token_trc20/transfers?limit=300&start=0&direction=in&relatedAddress=TRJbAzQemoW4p9yJN7XbSJYiyMEZ888888&start_timestamp=1695655081000&end_timestamp=1695656881000完整监控信息：{"total":0,"rangeTotal":0,"token_transfers":[]}
重要数据[]
2023-09-25 23:48:33监控地址：https://apilist.tronscan.org/api/token_trc20/transfers?limit=300&start=0&direction=in&relatedAddress=TRJbAzQemoW4p9yJN7XbSJYiyMEZ888888&start_timestamp=1695655113000&end_timestamp=1695656913000完整监控信息：{"total":0,"rangeTotal":0,"token_transfers":[]}
重要数据[]
2023-09-25 23:49:02监控地址：https://apilist.tronscan.org/api/token_trc20/transfers?limit=300&start=0&direction=in&relatedAddress=TRJbAzQemoW4p9yJN7XbSJYiyMEZ888888&start_timestamp=1695655142000&end_timestamp=1695656942000完整监控信息：{"total":0,"rangeTotal":0,"token_transfers":[]}
重要数据[]
2023-09-25 23:49:34监控地址：https://apilist.tronscan.org/api/token_trc20/transfers?limit=300&start=0&direction=in&relatedAddress=TRJbAzQemoW4p9yJN7XbSJYiyMEZ888888&start_timestamp=1695655173000&end_timestamp=1695656973000完整监控信息：{"total":0,"rangeTotal":0,"token_transfers":[]}
重要数据[]
2023-09-25 23:50:03监控地址：https://apilist.tronscan.org/api/token_trc20/transfers?limit=300&start=0&direction=in&relatedAddress=TRJbAzQemoW4p9yJN7XbSJYiyMEZ888888&start_timestamp=1695655202000&end_timestamp=1695657002000完整监控信息：{"total":0,"rangeTotal":0,"token_transfers":[]}
重要数据[]
2023-09-25 23:50:34监控地址：https://apilist.tronscan.org/api/token_trc20/transfers?limit=300&start=0&direction=in&relatedAddress=TRJbAzQemoW4p9yJN7XbSJYiyMEZ888888&start_timestamp=1695655233000&end_timestamp=1695657033000完整监控信息：{"total":0,"rangeTotal":0,"token_transfers":[]}
重要数据[]
2023-09-25 23:51:02监控地址：https://apilist.tronscan.org/api/token_trc20/transfers?limit=300&start=0&direction=in&relatedAddress=TRJbAzQemoW4p9yJN7XbSJYiyMEZ888888&start_timestamp=1695655261000&end_timestamp=1695657061000完整监控信息：{"total":0,"rangeTotal":0,"token_transfers":[]}
重要数据[]
2023-09-25 23:51:33监控地址：https://apilist.tronscan.org/api/token_trc20/transfers?limit=300&start=0&direction=in&relatedAddress=TRJbAzQemoW4p9yJN7XbSJYiyMEZ888888&start_timestamp=1695655292000&end_timestamp=1695657092000完整监控信息：{"total":0,"rangeTotal":0,"token_transfers":[]}
重要数据[]
2023-09-25 23:52:02监控地址：https://apilist.tronscan.org/api/token_trc20/transfers?limit=300&start=0&direction=in&relatedAddress=TRJbAzQemoW4p9yJN7XbSJYiyMEZ888888&start_timestamp=1695655321000&end_timestamp=1695657121000完整监控信息：{"total":0,"rangeTotal":0,"token_transfers":[]}
重要数据[]
2023-09-25 23:52:33监控地址：https://apilist.tronscan.org/api/token_trc20/transfers?limit=300&start=0&direction=in&relatedAddress=TRJbAzQemoW4p9yJN7XbSJYiyMEZ888888&start_timestamp=1695655352000&end_timestamp=1695657152000完整监控信息：{"total":0,"rangeTotal":0,"token_transfers":[]}
重要数据[]
2023-09-25 23:53:02监控地址：https://apilist.tronscan.org/api/token_trc20/transfers?limit=300&start=0&direction=in&relatedAddress=TRJbAzQemoW4p9yJN7XbSJYiyMEZ888888&start_timestamp=1695655381000&end_timestamp=1695657181000完整监控信息：{"total":0,"rangeTotal":0,"token_transfers":[]}
重要数据[]
2023-09-25 23:53:33监控地址：https://apilist.tronscan.org/api/token_trc20/transfers?limit=300&start=0&direction=in&relatedAddress=TRJbAzQemoW4p9yJN7XbSJYiyMEZ888888&start_timestamp=1695655412000&end_timestamp=1695657212000完整监控信息：{"total":0,"rangeTotal":0,"token_transfers":[]}
重要数据[]
2023-09-25 23:54:02监控地址：https://apilist.tronscan.org/api/token_trc20/transfers?limit=300&start=0&direction=in&relatedAddress=TRJbAzQemoW4p9yJN7XbSJYiyMEZ888888&start_timestamp=1695655441000&end_timestamp=1695657241000完整监控信息：{"total":0,"rangeTotal":0,"token_transfers":[]}
重要数据[]
2023-09-25 23:54:33监控地址：https://apilist.tronscan.org/api/token_trc20/transfers?limit=300&start=0&direction=in&relatedAddress=TRJbAzQemoW4p9yJN7XbSJYiyMEZ888888&start_timestamp=1695655472000&end_timestamp=1695657272000完整监控信息：{"total":0,"rangeTotal":0,"token_transfers":[]}
重要数据[]
2023-09-25 23:55:02监控地址：https://apilist.tronscan.org/api/token_trc20/transfers?limit=300&start=0&direction=in&relatedAddress=TRJbAzQemoW4p9yJN7XbSJYiyMEZ888888&start_timestamp=1695655502000&end_timestamp=1695657302000完整监控信息：{"total":0,"rangeTotal":0,"token_transfers":[]}
重要数据[]
2023-09-25 23:55:34监控地址：https://apilist.tronscan.org/api/token_trc20/transfers?limit=300&start=0&direction=in&relatedAddress=TRJbAzQemoW4p9yJN7XbSJYiyMEZ888888&start_timestamp=1695655533000&end_timestamp=1695657333000完整监控信息：{"total":0,"rangeTotal":0,"token_transfers":[]}
重要数据[]
2023-09-25 23:56:02监控地址：https://apilist.tronscan.org/api/token_trc20/transfers?limit=300&start=0&direction=in&relatedAddress=TRJbAzQemoW4p9yJN7XbSJYiyMEZ888888&start_timestamp=1695655562000&end_timestamp=1695657362000完整监控信息：{"total":0,"rangeTotal":0,"token_transfers":[]}
重要数据[]
2023-09-25 23:56:33监控地址：https://apilist.tronscan.org/api/token_trc20/transfers?limit=300&start=0&direction=in&relatedAddress=TRJbAzQemoW4p9yJN7XbSJYiyMEZ888888&start_timestamp=1695655593000&end_timestamp=1695657393000完整监控信息：{"total":0,"rangeTotal":0,"token_transfers":[]}
重要数据[]
2023-09-25 23:57:02监控地址：https://apilist.tronscan.org/api/token_trc20/transfers?limit=300&start=0&direction=in&relatedAddress=TRJbAzQemoW4p9yJN7XbSJYiyMEZ888888&start_timestamp=1695655621000&end_timestamp=1695657421000完整监控信息：{"total":0,"rangeTotal":0,"token_transfers":[]}
重要数据[]
2023-09-25 23:57:33监控地址：https://apilist.tronscan.org/api/token_trc20/transfers?limit=300&start=0&direction=in&relatedAddress=TRJbAzQemoW4p9yJN7XbSJYiyMEZ888888&start_timestamp=1695655652000&end_timestamp=1695657452000完整监控信息：{"total":0,"rangeTotal":0,"token_transfers":[]}
重要数据[]
2023-09-25 23:58:02监控地址：https://apilist.tronscan.org/api/token_trc20/transfers?limit=300&start=0&direction=in&relatedAddress=TRJbAzQemoW4p9yJN7XbSJYiyMEZ888888&start_timestamp=1695655681000&end_timestamp=1695657481000完整监控信息：{"total":0,"rangeTotal":0,"token_transfers":[]}
重要数据[]
2023-09-25 23:58:33监控地址：https://apilist.tronscan.org/api/token_trc20/transfers?limit=300&start=0&direction=in&relatedAddress=TRJbAzQemoW4p9yJN7XbSJYiyMEZ888888&start_timestamp=1695655712000&end_timestamp=1695657512000完整监控信息：{"total":0,"rangeTotal":0,"token_transfers":[]}
重要数据[]
2023-09-25 23:59:02监控地址：https://apilist.tronscan.org/api/token_trc20/transfers?limit=300&start=0&direction=in&relatedAddress=TRJbAzQemoW4p9yJN7XbSJYiyMEZ888888&start_timestamp=1695655741000&end_timestamp=1695657541000完整监控信息：{"total":0,"rangeTotal":0,"token_transfers":[]}
重要数据[]
2023-09-25 23:59:33监控地址：https://apilist.tronscan.org/api/token_trc20/transfers?limit=300&start=0&direction=in&relatedAddress=TRJbAzQemoW4p9yJN7XbSJYiyMEZ888888&start_timestamp=1695655772000&end_timestamp=1695657572000完整监控信息：{"total":0,"rangeTotal":0,"token_transfers":[]}
重要数据[]
